{"/home/travis/build/npmtest/node-npmtest-json3/test.js":{"path":"/home/travis/build/npmtest/node-npmtest-json3/test.js","s":{"1":2,"2":2,"3":2,"4":2,"5":2,"6":2,"7":2,"8":1,"9":2,"10":2,"11":1,"12":1,"13":1,"14":1,"15":2,"16":2,"17":2,"18":2,"19":1,"20":1,"21":2,"22":2,"23":2,"24":1,"25":1,"26":1,"27":1,"28":1,"29":1,"30":1,"31":1,"32":1,"33":1,"34":1,"35":1,"36":1,"37":1,"38":1,"39":2,"40":2,"41":1,"42":2,"43":2,"44":1,"45":2,"46":2,"47":1,"48":2,"49":2,"50":1,"51":1,"52":1,"53":1,"54":1},"b":{"1":[2,1,1,1],"2":[1,1,1,1],"3":[1,1],"4":[1,1],"5":[1,1],"6":[1,1],"7":[1,1],"8":[1,1],"9":[1,1],"10":[1,1,1],"11":[1,1],"12":[1,1],"13":[1,1],"14":[1,1],"15":[1,1],"16":[1,1],"17":[1,1]},"f":{"1":2,"2":2,"3":2,"4":2,"5":2,"6":1,"7":1,"8":1,"9":2,"10":2,"11":2,"12":2,"13":1},"fnMap":{"1":{"name":"(anonymous_1)","line":12,"loc":{"start":{"line":12,"column":1},"end":{"line":12,"column":13}}},"2":{"name":"(anonymous_2)","line":19,"loc":{"start":{"line":19,"column":5},"end":{"line":19,"column":17}}},"3":{"name":"(anonymous_3)","line":23,"loc":{"start":{"line":23,"column":24},"end":{"line":23,"column":36}}},"4":{"name":"(anonymous_4)","line":61,"loc":{"start":{"line":61,"column":5},"end":{"line":61,"column":17}}},"5":{"name":"(anonymous_5)","line":82,"loc":{"start":{"line":82,"column":5},"end":{"line":82,"column":17}}},"6":{"name":"(anonymous_6)","line":91,"loc":{"start":{"line":91,"column":77},"end":{"line":94,"column":10}}},"7":{"name":"(anonymous_7)","line":112,"loc":{"start":{"line":112,"column":83},"end":{"line":115,"column":10}},"skip":true},"8":{"name":"(anonymous_8)","line":123,"loc":{"start":{"line":123,"column":77},"end":{"line":126,"column":10}},"skip":true},"9":{"name":"(anonymous_9)","line":139,"loc":{"start":{"line":139,"column":12},"end":{"line":139,"column":40}},"skip":true},"10":{"name":"(anonymous_10)","line":147,"loc":{"start":{"line":147,"column":77},"end":{"line":150,"column":10}},"skip":true},"11":{"name":"(anonymous_11)","line":158,"loc":{"start":{"line":158,"column":83},"end":{"line":161,"column":10}},"skip":true},"12":{"name":"(anonymous_12)","line":169,"loc":{"start":{"line":169,"column":79},"end":{"line":172,"column":10}},"skip":true},"13":{"name":"(anonymous_13)","line":180,"loc":{"start":{"line":180,"column":75},"end":{"line":183,"column":10}},"skip":true}},"statementMap":{"1":{"start":{"line":12,"column":0},"end":{"line":195,"column":5}},"2":{"start":{"line":14,"column":4},"end":{"line":14,"column":14}},"3":{"start":{"line":19,"column":4},"end":{"line":56,"column":9}},"4":{"start":{"line":21,"column":8},"end":{"line":21,"column":19}},"5":{"start":{"line":23,"column":8},"end":{"line":35,"column":13}},"6":{"start":{"line":24,"column":12},"end":{"line":34,"column":13}},"7":{"start":{"line":25,"column":16},"end":{"line":28,"column":30}},"8":{"start":{"line":30,"column":16},"end":{"line":33,"column":27}},"9":{"start":{"line":37,"column":8},"end":{"line":39,"column":21}},"10":{"start":{"line":40,"column":8},"end":{"line":53,"column":9}},"11":{"start":{"line":43,"column":12},"end":{"line":46,"column":14}},"12":{"start":{"line":47,"column":12},"end":{"line":47,"column":18}},"13":{"start":{"line":50,"column":12},"end":{"line":51,"column":33}},"14":{"start":{"line":52,"column":12},"end":{"line":52,"column":18}},"15":{"start":{"line":55,"column":8},"end":{"line":55,"column":35}},"16":{"start":{"line":61,"column":4},"end":{"line":63,"column":9}},"17":{"start":{"line":62,"column":8},"end":{"line":62,"column":15}},"18":{"start":{"line":64,"column":4},"end":{"line":77,"column":5}},"19":{"start":{"line":70,"column":8},"end":{"line":70,"column":14}},"20":{"start":{"line":76,"column":8},"end":{"line":76,"column":14}},"21":{"start":{"line":82,"column":4},"end":{"line":84,"column":9}},"22":{"start":{"line":83,"column":8},"end":{"line":83,"column":15}},"23":{"start":{"line":85,"column":4},"end":{"line":194,"column":5}},"24":{"start":{"line":91,"column":8},"end":{"line":99,"column":10}},"25":{"start":{"line":98,"column":12},"end":{"line":98,"column":35}},"26":{"start":{"line":102,"column":8},"end":{"line":104,"column":63}},"27":{"start":{"line":105,"column":8},"end":{"line":105,"column":14}},"28":{"start":{"line":112,"column":8},"end":{"line":121,"column":10},"skip":true},"29":{"start":{"line":119,"column":12},"end":{"line":119,"column":55},"skip":true},"30":{"start":{"line":120,"column":12},"end":{"line":120,"column":48},"skip":true},"31":{"start":{"line":123,"column":8},"end":{"line":136,"column":10},"skip":true},"32":{"start":{"line":130,"column":12},"end":{"line":130,"column":76},"skip":true},"33":{"start":{"line":131,"column":12},"end":{"line":131,"column":73},"skip":true},"34":{"start":{"line":132,"column":12},"end":{"line":132,"column":74},"skip":true},"35":{"start":{"line":133,"column":12},"end":{"line":133,"column":79},"skip":true},"36":{"start":{"line":134,"column":12},"end":{"line":134,"column":25},"skip":true},"37":{"start":{"line":135,"column":12},"end":{"line":135,"column":45},"skip":true},"38":{"start":{"line":138,"column":8},"end":{"line":145,"column":14},"skip":true},"39":{"start":{"line":143,"column":16},"end":{"line":143,"column":29},"skip":true},"40":{"start":{"line":144,"column":16},"end":{"line":144,"column":55},"skip":true},"41":{"start":{"line":147,"column":8},"end":{"line":156,"column":10},"skip":true},"42":{"start":{"line":154,"column":12},"end":{"line":154,"column":25},"skip":true},"43":{"start":{"line":155,"column":12},"end":{"line":155,"column":45},"skip":true},"44":{"start":{"line":158,"column":8},"end":{"line":167,"column":10},"skip":true},"45":{"start":{"line":165,"column":12},"end":{"line":165,"column":25},"skip":true},"46":{"start":{"line":166,"column":12},"end":{"line":166,"column":48},"skip":true},"47":{"start":{"line":169,"column":8},"end":{"line":178,"column":10},"skip":true},"48":{"start":{"line":176,"column":12},"end":{"line":176,"column":25},"skip":true},"49":{"start":{"line":177,"column":12},"end":{"line":177,"column":46},"skip":true},"50":{"start":{"line":180,"column":8},"end":{"line":189,"column":10},"skip":true},"51":{"start":{"line":187,"column":12},"end":{"line":187,"column":94},"skip":true},"52":{"start":{"line":188,"column":12},"end":{"line":188,"column":48},"skip":true},"53":{"start":{"line":192,"column":8},"end":{"line":192,"column":35},"skip":true},"54":{"start":{"line":193,"column":8},"end":{"line":193,"column":14},"skip":true}},"branchMap":{"1":{"line":25,"type":"binary-expr","locations":[{"start":{"line":25,"column":23},"end":{"line":25,"column":62}},{"start":{"line":26,"column":20},"end":{"line":26,"column":70}},{"start":{"line":27,"column":20},"end":{"line":27,"column":71}},{"start":{"line":28,"column":20},"end":{"line":28,"column":29}}]},"2":{"line":30,"type":"binary-expr","locations":[{"start":{"line":30,"column":23},"end":{"line":30,"column":37}},{"start":{"line":31,"column":20},"end":{"line":31,"column":61}},{"start":{"line":32,"column":20},"end":{"line":32,"column":70}},{"start":{"line":33,"column":20},"end":{"line":33,"column":26}}]},"3":{"line":37,"type":"cond-expr","locations":[{"start":{"line":38,"column":14},"end":{"line":38,"column":20}},{"start":{"line":39,"column":14},"end":{"line":39,"column":20}}]},"4":{"line":40,"type":"switch","locations":[{"start":{"line":42,"column":8},"end":{"line":47,"column":18}},{"start":{"line":49,"column":8},"end":{"line":52,"column":18}}]},"5":{"line":44,"type":"binary-expr","locations":[{"start":{"line":44,"column":16},"end":{"line":44,"column":44}},{"start":{"line":44,"column":48},"end":{"line":44,"column":66}}]},"6":{"line":50,"type":"binary-expr","locations":[{"start":{"line":50,"column":21},"end":{"line":50,"column":49}},{"start":{"line":50,"column":53},"end":{"line":50,"column":72}}]},"7":{"line":64,"type":"switch","locations":[{"start":{"line":69,"column":4},"end":{"line":70,"column":14}},{"start":{"line":75,"column":4},"end":{"line":76,"column":14}}]},"8":{"line":85,"type":"switch","locations":[{"start":{"line":90,"column":4},"end":{"line":105,"column":14}},{"start":{"line":111,"column":4},"end":{"line":193,"column":14},"skip":true}]},"9":{"line":91,"type":"binary-expr","locations":[{"start":{"line":91,"column":42},"end":{"line":91,"column":73}},{"start":{"line":91,"column":77},"end":{"line":99,"column":9}}]},"10":{"line":102,"type":"binary-expr","locations":[{"start":{"line":102,"column":18},"end":{"line":102,"column":32}},{"start":{"line":103,"column":12},"end":{"line":103,"column":53}},{"start":{"line":104,"column":12},"end":{"line":104,"column":61}}]},"11":{"line":112,"type":"binary-expr","locations":[{"start":{"line":112,"column":45},"end":{"line":112,"column":79},"skip":true},{"start":{"line":112,"column":83},"end":{"line":121,"column":9},"skip":true}]},"12":{"line":123,"type":"binary-expr","locations":[{"start":{"line":123,"column":42},"end":{"line":123,"column":73},"skip":true},{"start":{"line":123,"column":77},"end":{"line":136,"column":9},"skip":true}]},"13":{"line":138,"type":"binary-expr","locations":[{"start":{"line":138,"column":48},"end":{"line":138,"column":85},"skip":true},{"start":{"line":139,"column":12},"end":{"line":145,"column":13},"skip":true}]},"14":{"line":147,"type":"binary-expr","locations":[{"start":{"line":147,"column":42},"end":{"line":147,"column":73},"skip":true},{"start":{"line":147,"column":77},"end":{"line":156,"column":9},"skip":true}]},"15":{"line":158,"type":"binary-expr","locations":[{"start":{"line":158,"column":45},"end":{"line":158,"column":79},"skip":true},{"start":{"line":158,"column":83},"end":{"line":167,"column":9},"skip":true}]},"16":{"line":169,"type":"binary-expr","locations":[{"start":{"line":169,"column":43},"end":{"line":169,"column":75},"skip":true},{"start":{"line":169,"column":79},"end":{"line":178,"column":9},"skip":true}]},"17":{"line":180,"type":"binary-expr","locations":[{"start":{"line":180,"column":41},"end":{"line":180,"column":71},"skip":true},{"start":{"line":180,"column":75},"end":{"line":189,"column":9},"skip":true}]}},"code":["/* istanbul instrument in package npmtest_json3 */","/*jslint","    bitwise: true,","    browser: true,","    maxerr: 8,","    maxlen: 96,","    node: true,","    nomen: true,","    regexp: true,","    stupid: true","*/","(function () {","    'use strict';","    var local;","","","","    // run shared js-env code - init-before","    (function () {","        // init local","        local = {};","        // init modeJs","        local.modeJs = (function () {","            try {","                return typeof navigator.userAgent === 'string' &&","                    typeof document.querySelector('body') === 'object' &&","                    typeof XMLHttpRequest.prototype.open === 'function' &&","                    'browser';","            } catch (errorCaughtBrowser) {","                return module.exports &&","                    typeof process.versions.node === 'string' &&","                    typeof require('http').createServer === 'function' &&","                    'node';","            }","        }());","        // init global","        local.global = local.modeJs === 'browser'","            ? window","            : global;","        switch (local.modeJs) {","        // re-init local from window.local","        case 'browser':","            local = local.global.utility2.objectSetDefault(","                local.global.utility2_rollup || local.global.local,","                local.global.utility2","            );","            break;","        // re-init local from example.js","        case 'node':","            local = (local.global.utility2_rollup || require('utility2'))","                .requireReadme();","            break;","        }","        // export local","        local.global.local = local;","    }());","","","","    // run shared js-env code - function","    (function () {","        return;","    }());","    switch (local.modeJs) {","","","","    // run browser js-env code - function","    case 'browser':","        break;","","","","    // run node js-env code - function","    case 'node':","        break;","    }","","","","    // run shared js-env code - init-after","    (function () {","        return;","    }());","    switch (local.modeJs) {","","","","    // run browser js-env code - init-after","    case 'browser':","        local.testCase_browser_nullCase = local.testCase_browser_nullCase || function (","            options,","            onError","        ) {","        /*","         * this function will test browsers's null-case handling-behavior-behavior","         */","            onError(null, options);","        };","","        // run tests","        local.nop(local.modeTest &&","            document.querySelector('#testRunButton1') &&","            document.querySelector('#testRunButton1').click());","        break;","","","","    // run node js-env code - init-after","    /* istanbul ignore next */","    case 'node':","        local.testCase_buildApidoc_default = local.testCase_buildApidoc_default || function (","            options,","            onError","        ) {","        /*","         * this function will test buildApidoc's default handling-behavior-behavior","         */","            options = { modulePathList: module.paths };","            local.buildApidoc(options, onError);","        };","","        local.testCase_buildApp_default = local.testCase_buildApp_default || function (","            options,","            onError","        ) {","        /*","         * this function will test buildApp's default handling-behavior-behavior","         */","            local.testCase_buildReadme_default(options, local.onErrorThrow);","            local.testCase_buildLib_default(options, local.onErrorThrow);","            local.testCase_buildTest_default(options, local.onErrorThrow);","            local.testCase_buildCustomOrg_default(options, local.onErrorThrow);","            options = [];","            local.buildApp(options, onError);","        };","","        local.testCase_buildCustomOrg_default = local.testCase_buildCustomOrg_default ||","            function (options, onError) {","            /*","             * this function will test buildCustomOrg's default handling-behavior","             */","                options = {};","                local.buildCustomOrg(options, onError);","            };","","        local.testCase_buildLib_default = local.testCase_buildLib_default || function (","            options,","            onError","        ) {","        /*","         * this function will test buildLib's default handling-behavior","         */","            options = {};","            local.buildLib(options, onError);","        };","","        local.testCase_buildReadme_default = local.testCase_buildReadme_default || function (","            options,","            onError","        ) {","        /*","         * this function will test buildReadme's default handling-behavior-behavior","         */","            options = {};","            local.buildReadme(options, onError);","        };","","        local.testCase_buildTest_default = local.testCase_buildTest_default || function (","            options,","            onError","        ) {","        /*","         * this function will test buildTest's default handling-behavior","         */","            options = {};","            local.buildTest(options, onError);","        };","","        local.testCase_webpage_default = local.testCase_webpage_default || function (","            options,","            onError","        ) {","        /*","         * this function will test webpage's default handling-behavior","         */","            options = { modeCoverageMerge: true, url: local.serverLocalHost + '?modeTest=1' };","            local.browserTest(options, onError);","        };","","        // run test-server","        local.testRunServer(local);","        break;","    }","}());",""],"l":{"12":2,"14":2,"19":2,"21":2,"23":2,"24":2,"25":2,"30":1,"37":2,"40":2,"43":1,"47":1,"50":1,"52":1,"55":2,"61":2,"62":2,"64":2,"70":1,"76":1,"82":2,"83":2,"85":2,"91":1,"98":1,"102":1,"105":1,"112":1,"119":1,"120":1,"123":1,"130":1,"131":1,"132":1,"133":1,"134":1,"135":1,"138":1,"143":2,"144":2,"147":1,"154":2,"155":2,"158":1,"165":2,"166":2,"169":1,"176":2,"177":2,"180":1,"187":1,"188":1,"192":1,"193":1}},"/home/travis/build/npmtest/node-npmtest-json3/lib.npmtest_json3.js":{"path":"/home/travis/build/npmtest/node-npmtest-json3/lib.npmtest_json3.js","s":{"1":2,"2":2,"3":2,"4":2,"5":2,"6":2,"7":2,"8":1,"9":2,"10":2,"11":2,"12":2,"13":1,"14":1,"15":1,"16":1},"b":{"1":[2,1,1,1],"2":[1,1,1,1],"3":[1,1],"4":[2,2],"5":[1,1]},"f":{"1":2,"2":2,"3":2},"fnMap":{"1":{"name":"(anonymous_1)","line":12,"loc":{"start":{"line":12,"column":1},"end":{"line":12,"column":13}}},"2":{"name":"(anonymous_2)","line":19,"loc":{"start":{"line":19,"column":5},"end":{"line":19,"column":17}}},"3":{"name":"(anonymous_3)","line":23,"loc":{"start":{"line":23,"column":24},"end":{"line":23,"column":36}}}},"statementMap":{"1":{"start":{"line":12,"column":0},"end":{"line":53,"column":5}},"2":{"start":{"line":14,"column":4},"end":{"line":14,"column":14}},"3":{"start":{"line":19,"column":4},"end":{"line":52,"column":9}},"4":{"start":{"line":21,"column":8},"end":{"line":21,"column":19}},"5":{"start":{"line":23,"column":8},"end":{"line":35,"column":13}},"6":{"start":{"line":24,"column":12},"end":{"line":34,"column":13}},"7":{"start":{"line":25,"column":16},"end":{"line":28,"column":30}},"8":{"start":{"line":30,"column":16},"end":{"line":33,"column":27}},"9":{"start":{"line":37,"column":8},"end":{"line":39,"column":21}},"10":{"start":{"line":41,"column":8},"end":{"line":41,"column":54}},"11":{"start":{"line":43,"column":8},"end":{"line":43,"column":50}},"12":{"start":{"line":45,"column":8},"end":{"line":51,"column":9}},"13":{"start":{"line":46,"column":12},"end":{"line":46,"column":56}},"14":{"start":{"line":48,"column":12},"end":{"line":48,"column":35}},"15":{"start":{"line":49,"column":12},"end":{"line":49,"column":49}},"16":{"start":{"line":50,"column":12},"end":{"line":50,"column":43}}},"branchMap":{"1":{"line":25,"type":"binary-expr","locations":[{"start":{"line":25,"column":23},"end":{"line":25,"column":62}},{"start":{"line":26,"column":20},"end":{"line":26,"column":70}},{"start":{"line":27,"column":20},"end":{"line":27,"column":71}},{"start":{"line":28,"column":20},"end":{"line":28,"column":29}}]},"2":{"line":30,"type":"binary-expr","locations":[{"start":{"line":30,"column":23},"end":{"line":30,"column":37}},{"start":{"line":31,"column":20},"end":{"line":31,"column":61}},{"start":{"line":32,"column":20},"end":{"line":32,"column":70}},{"start":{"line":33,"column":20},"end":{"line":33,"column":26}}]},"3":{"line":37,"type":"cond-expr","locations":[{"start":{"line":38,"column":14},"end":{"line":38,"column":20}},{"start":{"line":39,"column":14},"end":{"line":39,"column":20}}]},"4":{"line":41,"type":"binary-expr","locations":[{"start":{"line":41,"column":16},"end":{"line":41,"column":44}},{"start":{"line":41,"column":48},"end":{"line":41,"column":53}}]},"5":{"line":45,"type":"if","locations":[{"start":{"line":45,"column":8},"end":{"line":45,"column":8}},{"start":{"line":45,"column":8},"end":{"line":45,"column":8}}]}},"code":["/* istanbul instrument in package npmtest_json3 */","/*jslint","    bitwise: true,","    browser: true,","    maxerr: 8,","    maxlen: 96,","    node: true,","    nomen: true,","    regexp: true,","    stupid: true","*/","(function () {","    'use strict';","    var local;","","","","    // run shared js-env code - init-before","    (function () {","        // init local","        local = {};","        // init modeJs","        local.modeJs = (function () {","            try {","                return typeof navigator.userAgent === 'string' &&","                    typeof document.querySelector('body') === 'object' &&","                    typeof XMLHttpRequest.prototype.open === 'function' &&","                    'browser';","            } catch (errorCaughtBrowser) {","                return module.exports &&","                    typeof process.versions.node === 'string' &&","                    typeof require('http').createServer === 'function' &&","                    'node';","            }","        }());","        // init global","        local.global = local.modeJs === 'browser'","            ? window","            : global;","        // init utility2_rollup","        local = local.global.utility2_rollup || local;","        // init lib","        local.local = local.npmtest_json3 = local;","        // init exports","        if (local.modeJs === 'browser') {","            local.global.utility2_npmtest_json3 = local;","        } else {","            module.exports = local;","            module.exports.__dirname = __dirname;","            module.exports.module = module;","        }","    }());","}());",""],"l":{"12":2,"14":2,"19":2,"21":2,"23":2,"24":2,"25":2,"30":1,"37":2,"41":2,"43":2,"45":2,"46":1,"48":1,"49":1,"50":1}},"/home/travis/build/npmtest/node-npmtest-json3/example.js":{"path":"/home/travis/build/npmtest/node-npmtest-json3/example.js","s":{"1":2,"2":2,"3":2,"4":2,"5":2,"6":2,"7":2,"8":1,"9":2,"10":2,"11":2,"12":2,"13":1,"14":2,"15":2,"16":2,"17":2,"18":2,"19":0,"20":2,"21":1,"22":1,"23":1,"24":1,"25":1,"26":0,"27":0,"28":1,"29":1,"30":2,"31":0,"32":0,"33":0,"34":1,"35":2,"36":2,"37":3,"38":3,"39":3,"40":3,"41":0,"42":3,"43":3,"44":3,"45":1,"46":3,"47":1,"48":1,"49":1,"50":1,"51":1,"52":1,"53":1,"54":1,"55":1,"56":1,"57":0,"58":1,"59":6,"60":6,"61":1,"62":2,"63":0,"64":2,"65":1,"66":1,"67":0,"68":0,"69":0,"70":0,"71":0,"72":0,"73":0,"74":0,"75":0,"76":0,"77":0,"78":0,"79":0,"80":0,"81":0,"82":0,"83":0},"b":{"1":[2,1,1,1],"2":[1,1,1,1],"3":[1,1],"4":[2,2],"5":[1,1],"6":[1,1],"7":[2,0],"8":[2,1,1,1,1,1],"9":[0,2,0],"10":[1,1],"11":[2,1,1],"12":[1,0],"13":[0,2],"14":[2,0,0,0,0,0,0],"15":[0,3],"16":[3,0],"17":[1,1],"18":[0,1],"19":[1,2,0,2],"20":[1,0],"21":[1,1],"22":[0,0],"23":[0,0],"24":[0,0],"25":[0,0],"26":[0,0],"27":[0,0],"28":[0,0]},"f":{"1":2,"2":2,"3":2,"4":2,"5":2,"6":2,"7":3,"8":3,"9":3,"10":1,"11":6,"12":0},"fnMap":{"1":{"name":"(anonymous_1)","line":26,"loc":{"start":{"line":26,"column":1},"end":{"line":26,"column":13}}},"2":{"name":"(anonymous_2)","line":33,"loc":{"start":{"line":33,"column":5},"end":{"line":33,"column":17}}},"3":{"name":"(anonymous_3)","line":37,"loc":{"start":{"line":37,"column":24},"end":{"line":37,"column":36}}},"4":{"name":"(anonymous_4)","line":69,"loc":{"start":{"line":69,"column":31},"end":{"line":69,"column":48}},"skip":true},"5":{"name":"(anonymous_5)","line":78,"loc":{"start":{"line":78,"column":26},"end":{"line":78,"column":45}},"skip":true},"6":{"name":"(anonymous_6)","line":123,"loc":{"start":{"line":123,"column":33},"end":{"line":123,"column":48}},"skip":true},"7":{"name":"(anonymous_7)","line":125,"loc":{"start":{"line":125,"column":27},"end":{"line":125,"column":39}},"skip":true},"8":{"name":"(anonymous_8)","line":133,"loc":{"start":{"line":133,"column":59},"end":{"line":133,"column":74}},"skip":true},"9":{"name":"(anonymous_9)","line":143,"loc":{"start":{"line":143,"column":45},"end":{"line":143,"column":62}},"skip":true},"10":{"name":"(anonymous_10)","line":144,"loc":{"start":{"line":144,"column":73},"end":{"line":144,"column":92}},"skip":true},"11":{"name":"(anonymous_11)","line":272,"loc":{"start":{"line":272,"column":51},"end":{"line":272,"column":77}},"skip":true},"12":{"name":"(anonymous_12)","line":315,"loc":{"start":{"line":315,"column":32},"end":{"line":315,"column":61}},"skip":true}},"statementMap":{"1":{"start":{"line":26,"column":0},"end":{"line":326,"column":5}},"2":{"start":{"line":28,"column":4},"end":{"line":28,"column":14}},"3":{"start":{"line":33,"column":4},"end":{"line":60,"column":9}},"4":{"start":{"line":35,"column":8},"end":{"line":35,"column":19}},"5":{"start":{"line":37,"column":8},"end":{"line":49,"column":13}},"6":{"start":{"line":38,"column":12},"end":{"line":48,"column":13}},"7":{"start":{"line":39,"column":16},"end":{"line":42,"column":30}},"8":{"start":{"line":44,"column":16},"end":{"line":47,"column":27}},"9":{"start":{"line":51,"column":8},"end":{"line":53,"column":21}},"10":{"start":{"line":55,"column":8},"end":{"line":57,"column":45}},"11":{"start":{"line":59,"column":8},"end":{"line":59,"column":35}},"12":{"start":{"line":61,"column":4},"end":{"line":325,"column":5}},"13":{"start":{"line":69,"column":8},"end":{"line":121,"column":10},"skip":true},"14":{"start":{"line":70,"column":12},"end":{"line":88,"column":13},"skip":true},"15":{"start":{"line":76,"column":16},"end":{"line":87,"column":19},"skip":true},"16":{"start":{"line":79,"column":20},"end":{"line":86,"column":21},"skip":true},"17":{"start":{"line":82,"column":24},"end":{"line":82,"column":43},"skip":true},"18":{"start":{"line":83,"column":24},"end":{"line":83,"column":30},"skip":true},"19":{"start":{"line":85,"column":24},"end":{"line":85,"column":49},"skip":true},"20":{"start":{"line":89,"column":12},"end":{"line":107,"column":13},"skip":true},"21":{"start":{"line":92,"column":16},"end":{"line":102,"column":17},"skip":true},"22":{"start":{"line":93,"column":20},"end":{"line":93,"column":86},"skip":true},"23":{"start":{"line":94,"column":20},"end":{"line":95,"column":45},"skip":true},"24":{"start":{"line":96,"column":20},"end":{"line":96,"column":42},"skip":true},"25":{"start":{"line":97,"column":20},"end":{"line":97,"column":48},"skip":true},"26":{"start":{"line":100,"column":20},"end":{"line":100,"column":85},"skip":true},"27":{"start":{"line":101,"column":20},"end":{"line":101,"column":96},"skip":true},"28":{"start":{"line":103,"column":16},"end":{"line":103,"column":22},"skip":true},"29":{"start":{"line":106,"column":16},"end":{"line":106,"column":22},"skip":true},"30":{"start":{"line":108,"column":12},"end":{"line":120,"column":13},"skip":true},"31":{"start":{"line":114,"column":16},"end":{"line":119,"column":17},"skip":true},"32":{"start":{"line":116,"column":20},"end":{"line":116,"column":78},"skip":true},"33":{"start":{"line":118,"column":20},"end":{"line":118,"column":47},"skip":true},"34":{"start":{"line":123,"column":8},"end":{"line":141,"column":11},"skip":true},"35":{"start":{"line":124,"column":12},"end":{"line":124,"column":54},"skip":true},"36":{"start":{"line":125,"column":12},"end":{"line":140,"column":14},"skip":true},"37":{"start":{"line":126,"column":16},"end":{"line":126,"column":28},"skip":true},"38":{"start":{"line":127,"column":16},"end":{"line":127,"column":69},"skip":true},"39":{"start":{"line":128,"column":16},"end":{"line":128,"column":75},"skip":true},"40":{"start":{"line":129,"column":16},"end":{"line":131,"column":17},"skip":true},"41":{"start":{"line":130,"column":20},"end":{"line":130,"column":27},"skip":true},"42":{"start":{"line":133,"column":16},"end":{"line":137,"column":36},"skip":true},"43":{"start":{"line":134,"column":20},"end":{"line":136,"column":55},"skip":true},"44":{"start":{"line":139,"column":16},"end":{"line":139,"column":57},"skip":true},"45":{"start":{"line":143,"column":8},"end":{"line":147,"column":11},"skip":true},"46":{"start":{"line":144,"column":12},"end":{"line":146,"column":15},"skip":true},"47":{"start":{"line":145,"column":16},"end":{"line":145,"column":70},"skip":true},"48":{"start":{"line":149,"column":8},"end":{"line":149,"column":31},"skip":true},"49":{"start":{"line":150,"column":8},"end":{"line":150,"column":14},"skip":true},"50":{"start":{"line":158,"column":8},"end":{"line":158,"column":31},"skip":true},"51":{"start":{"line":160,"column":8},"end":{"line":160,"column":33},"skip":true},"52":{"start":{"line":161,"column":8},"end":{"line":161,"column":37},"skip":true},"53":{"start":{"line":162,"column":8},"end":{"line":162,"column":35},"skip":true},"54":{"start":{"line":164,"column":8},"end":{"line":164,"column":50},"skip":true},"55":{"start":{"line":166,"column":8},"end":{"line":256,"column":2},"skip":true},"56":{"start":{"line":258,"column":8},"end":{"line":286,"column":9},"skip":true},"57":{"start":{"line":259,"column":12},"end":{"line":269,"column":14},"skip":true},"58":{"start":{"line":271,"column":12},"end":{"line":285,"column":19},"skip":true},"59":{"start":{"line":274,"column":20},"end":{"line":274,"column":35},"skip":true},"60":{"start":{"line":275,"column":20},"end":{"line":284,"column":21},"skip":true},"61":{"start":{"line":277,"column":24},"end":{"line":277,"column":64},"skip":true},"62":{"start":{"line":279,"column":24},"end":{"line":279,"column":40},"skip":true},"63":{"start":{"line":281,"column":24},"end":{"line":281,"column":40},"skip":true},"64":{"start":{"line":283,"column":24},"end":{"line":283,"column":39},"skip":true},"65":{"start":{"line":288,"column":8},"end":{"line":290,"column":9},"skip":true},"66":{"start":{"line":289,"column":12},"end":{"line":289,"column":18},"skip":true},"67":{"start":{"line":291,"column":8},"end":{"line":293,"column":54},"skip":true},"68":{"start":{"line":296,"column":8},"end":{"line":301,"column":37},"skip":true},"69":{"start":{"line":303,"column":8},"end":{"line":303,"column":82},"skip":true},"70":{"start":{"line":306,"column":8},"end":{"line":308,"column":9},"skip":true},"71":{"start":{"line":307,"column":12},"end":{"line":307,"column":82},"skip":true},"72":{"start":{"line":310,"column":8},"end":{"line":312,"column":9},"skip":true},"73":{"start":{"line":311,"column":12},"end":{"line":311,"column":18},"skip":true},"74":{"start":{"line":313,"column":8},"end":{"line":313,"column":54},"skip":true},"75":{"start":{"line":314,"column":8},"end":{"line":314,"column":69},"skip":true},"76":{"start":{"line":315,"column":8},"end":{"line":323,"column":36},"skip":true},"77":{"start":{"line":316,"column":12},"end":{"line":316,"column":61},"skip":true},"78":{"start":{"line":317,"column":12},"end":{"line":320,"column":13},"skip":true},"79":{"start":{"line":318,"column":16},"end":{"line":318,"column":75},"skip":true},"80":{"start":{"line":319,"column":16},"end":{"line":319,"column":23},"skip":true},"81":{"start":{"line":321,"column":12},"end":{"line":321,"column":38},"skip":true},"82":{"start":{"line":322,"column":12},"end":{"line":322,"column":27},"skip":true},"83":{"start":{"line":324,"column":8},"end":{"line":324,"column":14},"skip":true}},"branchMap":{"1":{"line":39,"type":"binary-expr","locations":[{"start":{"line":39,"column":23},"end":{"line":39,"column":62}},{"start":{"line":40,"column":20},"end":{"line":40,"column":70}},{"start":{"line":41,"column":20},"end":{"line":41,"column":71}},{"start":{"line":42,"column":20},"end":{"line":42,"column":29}}]},"2":{"line":44,"type":"binary-expr","locations":[{"start":{"line":44,"column":23},"end":{"line":44,"column":37}},{"start":{"line":45,"column":20},"end":{"line":45,"column":61}},{"start":{"line":46,"column":20},"end":{"line":46,"column":70}},{"start":{"line":47,"column":20},"end":{"line":47,"column":26}}]},"3":{"line":51,"type":"cond-expr","locations":[{"start":{"line":52,"column":14},"end":{"line":52,"column":20}},{"start":{"line":53,"column":14},"end":{"line":53,"column":20}}]},"4":{"line":55,"type":"binary-expr","locations":[{"start":{"line":55,"column":16},"end":{"line":55,"column":44}},{"start":{"line":55,"column":49},"end":{"line":57,"column":43}}]},"5":{"line":55,"type":"cond-expr","locations":[{"start":{"line":56,"column":14},"end":{"line":56,"column":49}},{"start":{"line":57,"column":14},"end":{"line":57,"column":43}}]},"6":{"line":61,"type":"switch","locations":[{"start":{"line":68,"column":4},"end":{"line":150,"column":14},"skip":true},{"start":{"line":156,"column":4},"end":{"line":324,"column":14},"skip":true}]},"7":{"line":70,"type":"if","locations":[{"start":{"line":70,"column":12},"end":{"line":70,"column":12},"skip":true},{"start":{"line":70,"column":12},"end":{"line":70,"column":12},"skip":true}]},"8":{"line":70,"type":"binary-expr","locations":[{"start":{"line":70,"column":16},"end":{"line":70,"column":22},"skip":true},{"start":{"line":70,"column":27},"end":{"line":70,"column":32},"skip":true},{"start":{"line":71,"column":20},"end":{"line":71,"column":39},"skip":true},{"start":{"line":72,"column":20},"end":{"line":72,"column":49},"skip":true},{"start":{"line":73,"column":20},"end":{"line":73,"column":58},"skip":true},{"start":{"line":74,"column":20},"end":{"line":74,"column":69},"skip":true}]},"9":{"line":79,"type":"switch","locations":[{"start":{"line":80,"column":20},"end":{"line":80,"column":33},"skip":true},{"start":{"line":81,"column":20},"end":{"line":83,"column":30},"skip":true},{"start":{"line":84,"column":20},"end":{"line":85,"column":49},"skip":true}]},"10":{"line":89,"type":"switch","locations":[{"start":{"line":90,"column":12},"end":{"line":103,"column":22},"skip":true},{"start":{"line":105,"column":12},"end":{"line":106,"column":22},"skip":true}]},"11":{"line":89,"type":"binary-expr","locations":[{"start":{"line":89,"column":20},"end":{"line":89,"column":25},"skip":true},{"start":{"line":89,"column":29},"end":{"line":89,"column":48},"skip":true},{"start":{"line":89,"column":52},"end":{"line":89,"column":74},"skip":true}]},"12":{"line":92,"type":"if","locations":[{"start":{"line":92,"column":16},"end":{"line":92,"column":16},"skip":true},{"start":{"line":92,"column":16},"end":{"line":92,"column":16},"skip":true}]},"13":{"line":108,"type":"if","locations":[{"start":{"line":108,"column":12},"end":{"line":108,"column":12},"skip":true},{"start":{"line":108,"column":12},"end":{"line":108,"column":12},"skip":true}]},"14":{"line":108,"type":"binary-expr","locations":[{"start":{"line":108,"column":16},"end":{"line":108,"column":61},"skip":true},{"start":{"line":108,"column":66},"end":{"line":108,"column":72},"skip":true},{"start":{"line":108,"column":77},"end":{"line":108,"column":82},"skip":true},{"start":{"line":109,"column":20},"end":{"line":109,"column":39},"skip":true},{"start":{"line":110,"column":20},"end":{"line":110,"column":49},"skip":true},{"start":{"line":111,"column":20},"end":{"line":111,"column":58},"skip":true},{"start":{"line":112,"column":20},"end":{"line":112,"column":68},"skip":true}]},"15":{"line":129,"type":"if","locations":[{"start":{"line":129,"column":16},"end":{"line":129,"column":16},"skip":true},{"start":{"line":129,"column":16},"end":{"line":129,"column":16},"skip":true}]},"16":{"line":134,"type":"cond-expr","locations":[{"start":{"line":135,"column":26},"end":{"line":135,"column":29},"skip":true},{"start":{"line":136,"column":26},"end":{"line":136,"column":54},"skip":true}]},"17":{"line":164,"type":"binary-expr","locations":[{"start":{"line":164,"column":27},"end":{"line":164,"column":43},"skip":true},{"start":{"line":164,"column":47},"end":{"line":164,"column":49},"skip":true}]},"18":{"line":258,"type":"if","locations":[{"start":{"line":258,"column":8},"end":{"line":258,"column":8},"skip":true},{"start":{"line":258,"column":8},"end":{"line":258,"column":8},"skip":true}]},"19":{"line":275,"type":"switch","locations":[{"start":{"line":276,"column":20},"end":{"line":277,"column":64},"skip":true},{"start":{"line":278,"column":20},"end":{"line":279,"column":40},"skip":true},{"start":{"line":280,"column":20},"end":{"line":281,"column":40},"skip":true},{"start":{"line":282,"column":20},"end":{"line":283,"column":39},"skip":true}]},"20":{"line":288,"type":"if","locations":[{"start":{"line":288,"column":8},"end":{"line":288,"column":8},"skip":true},{"start":{"line":288,"column":8},"end":{"line":288,"column":8},"skip":true}]},"21":{"line":288,"type":"binary-expr","locations":[{"start":{"line":288,"column":12},"end":{"line":288,"column":40},"skip":true},{"start":{"line":288,"column":44},"end":{"line":288,"column":67},"skip":true}]},"22":{"line":292,"type":"binary-expr","locations":[{"start":{"line":292,"column":12},"end":{"line":292,"column":50},"skip":true},{"start":{"line":293,"column":12},"end":{"line":293,"column":53},"skip":true}]},"23":{"line":297,"type":"binary-expr","locations":[{"start":{"line":297,"column":12},"end":{"line":297,"column":63},"skip":true},{"start":{"line":298,"column":12},"end":{"line":301,"column":36},"skip":true}]},"24":{"line":303,"type":"binary-expr","locations":[{"start":{"line":303,"column":43},"end":{"line":303,"column":75},"skip":true},{"start":{"line":303,"column":79},"end":{"line":303,"column":81},"skip":true}]},"25":{"line":306,"type":"if","locations":[{"start":{"line":306,"column":8},"end":{"line":306,"column":8},"skip":true},{"start":{"line":306,"column":8},"end":{"line":306,"column":8},"skip":true}]},"26":{"line":310,"type":"if","locations":[{"start":{"line":310,"column":8},"end":{"line":310,"column":8},"skip":true},{"start":{"line":310,"column":8},"end":{"line":310,"column":8},"skip":true}]},"27":{"line":313,"type":"binary-expr","locations":[{"start":{"line":313,"column":27},"end":{"line":313,"column":43},"skip":true},{"start":{"line":313,"column":47},"end":{"line":313,"column":53},"skip":true}]},"28":{"line":317,"type":"if","locations":[{"start":{"line":317,"column":12},"end":{"line":317,"column":12},"skip":true},{"start":{"line":317,"column":12},"end":{"line":317,"column":12},"skip":true}]}},"code":["/*","example.js","","quickstart example","","instruction","    1. save this script as example.js","    2. run the shell command:","        $ npm install npmtest-json3 && PORT=8081 node example.js","    3. play with the browser-demo on http://127.0.0.1:8081","*/","","","","/* istanbul instrument in package npmtest_json3 */","/*jslint","    bitwise: true,","    browser: true,","    maxerr: 8,","    maxlen: 96,","    node: true,","    nomen: true,","    regexp: true,","    stupid: true","*/","(function () {","    'use strict';","    var local;","","","","    // run shared js-env code - init-before","    (function () {","        // init local","        local = {};","        // init modeJs","        local.modeJs = (function () {","            try {","                return typeof navigator.userAgent === 'string' &&","                    typeof document.querySelector('body') === 'object' &&","                    typeof XMLHttpRequest.prototype.open === 'function' &&","                    'browser';","            } catch (errorCaughtBrowser) {","                return module.exports &&","                    typeof process.versions.node === 'string' &&","                    typeof require('http').createServer === 'function' &&","                    'node';","            }","        }());","        // init global","        local.global = local.modeJs === 'browser'","            ? window","            : global;","        // init utility2_rollup","        local = local.global.utility2_rollup || (local.modeJs === 'browser'","            ? local.global.utility2_npmtest_json3","            : global.utility2_moduleExports);","        // export local","        local.global.local = local;","    }());","    switch (local.modeJs) {","","","","    // init-after","    // run browser js-env code - init-after","    /* istanbul ignore next */","    case 'browser':","        local.testRunBrowser = function (event) {","            if (!event || (event &&","                    event.currentTarget &&","                    event.currentTarget.className &&","                    event.currentTarget.className.includes &&","                    event.currentTarget.className.includes('onreset'))) {","                // reset output","                Array.from(","                    document.querySelectorAll('body > .resettable')","                ).forEach(function (element) {","                    switch (element.tagName) {","                    case 'INPUT':","                    case 'TEXTAREA':","                        element.value = '';","                        break;","                    default:","                        element.textContent = '';","                    }","                });","            }","            switch (event && event.currentTarget && event.currentTarget.id) {","            case 'testRunButton1':","                // show tests","                if (document.querySelector('#testReportDiv1').style.display === 'none') {","                    document.querySelector('#testReportDiv1').style.display = 'block';","                    document.querySelector('#testRunButton1').textContent =","                        'hide internal test';","                    local.modeTest = true;","                    local.testRunDefault(local);","                // hide tests","                } else {","                    document.querySelector('#testReportDiv1').style.display = 'none';","                    document.querySelector('#testRunButton1').textContent = 'run internal test';","                }","                break;","            // custom-case","            default:","                break;","            }","            if (document.querySelector('#inputTextareaEval1') && (!event || (event &&","                    event.currentTarget &&","                    event.currentTarget.className &&","                    event.currentTarget.className.includes &&","                    event.currentTarget.className.includes('oneval')))) {","                // try to eval input-code","                try {","                    /*jslint evil: true*/","                    eval(document.querySelector('#inputTextareaEval1').value);","                } catch (errorCaught) {","                    console.error(errorCaught);","                }","            }","        };","        // log stderr and stdout to #outputTextareaStdout1","        ['error', 'log'].forEach(function (key) {","            console[key + '_original'] = console[key];","            console[key] = function () {","                var element;","                console[key + '_original'].apply(console, arguments);","                element = document.querySelector('#outputTextareaStdout1');","                if (!element) {","                    return;","                }","                // append text to #outputTextareaStdout1","                element.value += Array.from(arguments).map(function (arg) {","                    return typeof arg === 'string'","                        ? arg","                        : JSON.stringify(arg, null, 4);","                }).join(' ') + '\\n';","                // scroll textarea to bottom","                element.scrollTop = element.scrollHeight;","            };","        });","        // init event-handling","        ['change', 'click', 'keyup'].forEach(function (event) {","            Array.from(document.querySelectorAll('.on' + event)).forEach(function (element) {","                element.addEventListener(event, local.testRunBrowser);","            });","        });","        // run tests","        local.testRunBrowser();","        break;","","","","    // run node js-env code - init-after","    /* istanbul ignore next */","    case 'node':","        // export local","        module.exports = local;","        // require modules","        local.fs = require('fs');","        local.http = require('http');","        local.url = require('url');","        // init assets","        local.assetsDict = local.assetsDict || {};","        /* jslint-ignore-begin */","        local.assetsDict['/assets.index.template.html'] = '\\","<!doctype html>\\n\\","<html lang=\"en\">\\n\\","<head>\\n\\","<meta charset=\"UTF-8\">\\n\\","<meta name=\"viewport\" content=\"width=device-width, initial-scale=1\">\\n\\","<title>{{env.npm_package_name}} (v{{env.npm_package_version}})</title>\\n\\","<style>\\n\\","/*csslint\\n\\","    box-sizing: false,\\n\\","    universal-selector: false\\n\\","*/\\n\\","* {\\n\\","    box-sizing: border-box;\\n\\","}\\n\\","body {\\n\\","    background: #dde;\\n\\","    font-family: Arial, Helvetica, sans-serif;\\n\\","    margin: 2rem;\\n\\","}\\n\\","body > * {\\n\\","    margin-bottom: 1rem;\\n\\","}\\n\\",".utility2FooterDiv {\\n\\","    margin-top: 20px;\\n\\","    text-align: center;\\n\\","}\\n\\","</style>\\n\\","<style>\\n\\","/*csslint\\n\\","*/\\n\\","textarea {\\n\\","    font-family: monospace;\\n\\","    height: 10rem;\\n\\","    width: 100%;\\n\\","}\\n\\","textarea[readonly] {\\n\\","    background: #ddd;\\n\\","}\\n\\","</style>\\n\\","</head>\\n\\","<body>\\n\\","<!-- utility2-comment\\n\\","<div id=\"ajaxProgressDiv1\" style=\"background: #d00; height: 2px; left: 0; margin: 0; padding: 0; position: fixed; top: 0; transition: background 0.5s, width 1.5s; width: 25%;\"></div>\\n\\","utility2-comment -->\\n\\","<h1>\\n\\","<!-- utility2-comment\\n\\","    <a\\n\\","        {{#if env.npm_package_homepage}}\\n\\","        href=\"{{env.npm_package_homepage}}\"\\n\\","        {{/if env.npm_package_homepage}}\\n\\","        target=\"_blank\"\\n\\","    >\\n\\","utility2-comment -->\\n\\","        {{env.npm_package_name}} (v{{env.npm_package_version}})\\n\\","<!-- utility2-comment\\n\\","    </a>\\n\\","utility2-comment -->\\n\\","</h1>\\n\\","<h3>{{env.npm_package_description}}</h3>\\n\\","<!-- utility2-comment\\n\\","<h4><a download href=\"assets.app.js\">download standalone app</a></h4>\\n\\","<button class=\"onclick onreset\" id=\"testRunButton1\">run internal test</button><br>\\n\\","<div id=\"testReportDiv1\" style=\"display: none;\"></div>\\n\\","utility2-comment -->\\n\\","\\n\\","\\n\\","\\n\\","<label>stderr and stdout</label>\\n\\","<textarea class=\"resettable\" id=\"outputTextareaStdout1\" readonly></textarea>\\n\\","<!-- utility2-comment\\n\\","{{#if isRollup}}\\n\\","<script src=\"assets.app.js\"></script>\\n\\","{{#unless isRollup}}\\n\\","utility2-comment -->\\n\\","<script src=\"assets.utility2.rollup.js\"></script>\\n\\","<script src=\"jsonp.utility2._stateInit?callback=window.utility2._stateInit\"></script>\\n\\","<script src=\"assets.npmtest_json3.rollup.js\"></script>\\n\\","<script src=\"assets.example.js\"></script>\\n\\","<script src=\"assets.test.js\"></script>\\n\\","<!-- utility2-comment\\n\\","{{/if isRollup}}\\n\\","utility2-comment -->\\n\\","<div class=\"utility2FooterDiv\">\\n\\","    [ this app was created with\\n\\","    <a href=\"https://github.com/kaizhu256/node-utility2\" target=\"_blank\">utility2</a>\\n\\","    ]\\n\\","</div>\\n\\","</body>\\n\\","</html>\\n\\","';","        /* jslint-ignore-end */","        if (local.templateRender) {","            local.assetsDict['/'] = local.templateRender(","                local.assetsDict['/assets.index.template.html'],","                {","                    env: local.objectSetDefault(local.env, {","                        npm_package_description: 'the greatest app in the world!',","                        npm_package_name: 'my-app',","                        npm_package_nameAlias: 'my_app',","                        npm_package_version: '0.0.1'","                    })","                }","            );","        } else {","            local.assetsDict['/'] = local.assetsDict['/assets.index.template.html']","                .replace((/\\{\\{env\\.(\\w+?)\\}\\}/g), function (match0, match1) {","                    // jslint-hack","                    String(match0);","                    switch (match1) {","                    case 'npm_package_description':","                        return 'the greatest app in the world!';","                    case 'npm_package_name':","                        return 'my-app';","                    case 'npm_package_nameAlias':","                        return 'my_app';","                    case 'npm_package_version':","                        return '0.0.1';","                    }","                });","        }","        // run the cli","        if (local.global.utility2_rollup || module !== require.main) {","            break;","        }","        local.assetsDict['/assets.example.js'] =","            local.assetsDict['/assets.example.js'] ||","            local.fs.readFileSync(__filename, 'utf8');","        // bug-workaround - long $npm_package_buildCustomOrg","        /* jslint-ignore-begin */","        local.assetsDict['/assets.npmtest_json3.rollup.js'] =","            local.assetsDict['/assets.npmtest_json3.rollup.js'] ||","            local.fs.readFileSync(","                local.npmtest_json3.__dirname + '/lib.npmtest_json3.js',","                'utf8'","            ).replace((/^#!/), '//');","        /* jslint-ignore-end */","        local.assetsDict['/favicon.ico'] = local.assetsDict['/favicon.ico'] || '';","        // if $npm_config_timeout_exit exists,","        // then exit this process after $npm_config_timeout_exit ms","        if (Number(process.env.npm_config_timeout_exit)) {","            setTimeout(process.exit, Number(process.env.npm_config_timeout_exit));","        }","        // start server","        if (local.global.utility2_serverHttp1) {","            break;","        }","        process.env.PORT = process.env.PORT || '8081';","        console.error('server starting on port ' + process.env.PORT);","        local.http.createServer(function (request, response) {","            request.urlParsed = local.url.parse(request.url);","            if (local.assetsDict[request.urlParsed.pathname] !== undefined) {","                response.end(local.assetsDict[request.urlParsed.pathname]);","                return;","            }","            response.statusCode = 404;","            response.end();","        }).listen(process.env.PORT);","        break;","    }","}());",""],"l":{"26":2,"28":2,"33":2,"35":2,"37":2,"38":2,"39":2,"44":1,"51":2,"55":2,"59":2,"61":2,"69":1,"70":2,"76":2,"79":2,"82":2,"83":2,"85":1,"89":2,"92":1,"93":1,"94":1,"96":1,"97":1,"100":1,"101":1,"103":1,"106":1,"108":2,"114":1,"116":1,"118":1,"123":1,"124":2,"125":2,"126":3,"127":3,"128":3,"129":3,"130":1,"133":3,"134":3,"139":3,"143":1,"144":3,"145":1,"149":1,"150":1,"158":1,"160":1,"161":1,"162":1,"164":1,"166":1,"258":1,"259":1,"271":1,"274":6,"275":6,"277":1,"279":2,"281":1,"283":2,"288":1,"289":1,"291":1,"296":1,"303":1,"306":1,"307":1,"310":1,"311":1,"313":1,"314":1,"315":1,"316":1,"317":1,"318":1,"319":1,"321":1,"322":1,"324":1}},"/home/travis/build/npmtest/node-npmtest-json3/node_modules/json3/lib/json3.js":{"path":"/home/travis/build/npmtest/node-npmtest-json3/node_modules/json3/lib/json3.js","s":{"1":1,"2":1,"3":1,"4":1,"5":1,"6":1,"7":1,"8":1,"9":1,"10":1,"11":1,"12":1,"13":1,"14":1,"15":1,"16":1,"17":1,"18":1,"19":1,"20":3,"21":0,"22":3,"23":3,"24":0,"25":3,"26":1,"27":2,"28":2,"29":1,"30":1,"31":1,"32":4,"33":1,"34":1,"35":0,"36":1,"37":2,"38":1,"39":1,"40":1,"41":1,"42":1,"43":1,"44":1,"45":1,"46":1,"47":1,"48":1,"49":1,"50":1,"51":1,"52":1,"53":0,"54":1,"55":3,"56":1,"57":0,"58":0,"59":0,"60":0,"61":0,"62":0,"63":0,"64":0,"65":0,"66":0,"67":0,"68":0,"69":0,"70":0,"71":0,"72":0,"73":0,"74":0,"75":0,"76":0,"77":0,"78":0,"79":0,"80":0,"81":0,"82":0,"83":0,"84":0,"85":0,"86":0,"87":0,"88":0,"89":0,"90":0,"91":0,"92":0,"93":0,"94":0,"95":0,"96":0,"97":0,"98":0,"99":0,"100":0,"101":0,"102":0,"103":0,"104":0,"105":0,"106":0,"107":0,"108":0,"109":0,"110":0,"111":0,"112":0,"113":0,"114":0,"115":0,"116":0,"117":0,"118":0,"119":0,"120":0,"121":0,"122":0,"123":0,"124":0,"125":0,"126":0,"127":0,"128":0,"129":0,"130":0,"131":0,"132":0,"133":0,"134":0,"135":0,"136":0,"137":0,"138":0,"139":0,"140":0,"141":0,"142":0,"143":0,"144":0,"145":0,"146":0,"147":0,"148":0,"149":0,"150":0,"151":0,"152":0,"153":0,"154":0,"155":0,"156":0,"157":0,"158":0,"159":0,"160":0,"161":0,"162":0,"163":0,"164":0,"165":0,"166":0,"167":0,"168":0,"169":0,"170":0,"171":0,"172":0,"173":0,"174":0,"175":0,"176":0,"177":0,"178":0,"179":0,"180":0,"181":0,"182":0,"183":0,"184":0,"185":0,"186":0,"187":0,"188":0,"189":0,"190":0,"191":0,"192":0,"193":0,"194":0,"195":0,"196":0,"197":0,"198":0,"199":0,"200":0,"201":0,"202":0,"203":0,"204":0,"205":0,"206":0,"207":0,"208":0,"209":0,"210":0,"211":0,"212":0,"213":0,"214":0,"215":0,"216":0,"217":0,"218":0,"219":0,"220":0,"221":0,"222":0,"223":0,"224":0,"225":0,"226":0,"227":0,"228":0,"229":0,"230":0,"231":0,"232":0,"233":0,"234":0,"235":0,"236":0,"237":0,"238":0,"239":0,"240":0,"241":0,"242":0,"243":0,"244":0,"245":0,"246":0,"247":0,"248":0,"249":0,"250":0,"251":0,"252":0,"253":0,"254":0,"255":0,"256":0,"257":0,"258":0,"259":0,"260":0,"261":0,"262":0,"263":0,"264":0,"265":0,"266":0,"267":0,"268":0,"269":0,"270":0,"271":0,"272":0,"273":0,"274":0,"275":0,"276":0,"277":0,"278":0,"279":0,"280":0,"281":0,"282":0,"283":0,"284":0,"285":0,"286":0,"287":0,"288":0,"289":0,"290":0,"291":0,"292":0,"293":0,"294":0,"295":0,"296":0,"297":0,"298":0,"299":0,"300":0,"301":0,"302":0,"303":0,"304":0,"305":0,"306":0,"307":0,"308":0,"309":0,"310":0,"311":0,"312":0,"313":0,"314":0,"315":0,"316":0,"317":0,"318":0,"319":0,"320":0,"321":0,"322":0,"323":0,"324":0,"325":0,"326":0,"327":0,"328":0,"329":0,"330":0,"331":0,"332":0,"333":0,"334":0,"335":0,"336":0,"337":0,"338":0,"339":0,"340":0,"341":0,"342":0,"343":0,"344":0,"345":0,"346":0,"347":0,"348":0,"349":0,"350":0,"351":0,"352":1,"353":1,"354":1,"355":1,"356":0,"357":0,"358":0,"359":0,"360":0,"361":0,"362":0,"363":0,"364":0,"365":1,"366":0,"367":0},"b":{"1":[1,0],"2":[1,1,1,1],"3":[1,0,1],"4":[1,1,1,1,1,1],"5":[1,0],"6":[1,1,0,0],"7":[1,0],"8":[1,0],"9":[1,0],"10":[1,0],"11":[1,0],"12":[1,0],"13":[1,0],"14":[1,0],"15":[1,0],"16":[1,0],"17":[1,0],"18":[1,1],"19":[1,1,1,1,1,1,1],"20":[0,3],"21":[0,3],"22":[1,2],"23":[1,1],"24":[1,1],"25":[1,1],"26":[1,0],"27":[1,1,1,1,1,1,1,1,1,1,1,1,1,1,1,1,1,1],"28":[1,1],"29":[1,0],"30":[1,0],"31":[1,1],"32":[1,1],"33":[1,0],"34":[1,0],"35":[1,0],"36":[0,1],"37":[0,0],"38":[0,0],"39":[0,0],"40":[0,0],"41":[0,0],"42":[0,0],"43":[0,0],"44":[0,0],"45":[0,0,0,0,0],"46":[0,0],"47":[0,0],"48":[0,0],"49":[0,0],"50":[0,0],"51":[0,0],"52":[0,0,0,0],"53":[0,0],"54":[0,0],"55":[0,0,0],"56":[0,0],"57":[0,0],"58":[0,0],"59":[0,0],"60":[0,0],"61":[0,0],"62":[0,0],"63":[0,0],"64":[0,0,0,0,0,0,0,0],"65":[0,0],"66":[0,0],"67":[0,0],"68":[0,0],"69":[0,0],"70":[0,0],"71":[0,0],"72":[0,0],"73":[0,0],"74":[0,0],"75":[0,0],"76":[0,0],"77":[0,0],"78":[0,0],"79":[0,0,0,0,0],"80":[0,0],"81":[0,0],"82":[0,0],"83":[0,0],"84":[0,0],"85":[0,0],"86":[0,0],"87":[0,0],"88":[0,0],"89":[0,0],"90":[0,0],"91":[0,0],"92":[0,0],"93":[0,0],"94":[0,0],"95":[0,0],"96":[0,0],"97":[0,0],"98":[0,0],"99":[0,0],"100":[0,0],"101":[0,0],"102":[0,0],"103":[0,0],"104":[0,0],"105":[0,0],"106":[0,0],"107":[0,0],"108":[0,0],"109":[0,0],"110":[0,0,0,0,0,0,0,0,0,0,0,0],"111":[0,0],"112":[0,0],"113":[0,0],"114":[0,0,0,0,0,0,0,0,0,0],"115":[0,0],"116":[0,0,0,0,0,0],"117":[0,0],"118":[0,0,0],"119":[0,0],"120":[0,0],"121":[0,0],"122":[0,0],"123":[0,0],"124":[0,0],"125":[0,0],"126":[0,0],"127":[0,0],"128":[0,0],"129":[0,0],"130":[0,0],"131":[0,0],"132":[0,0],"133":[0,0],"134":[0,0],"135":[0,0],"136":[0,0],"137":[0,0],"138":[0,0],"139":[0,0],"140":[0,0],"141":[0,0],"142":[0,0],"143":[0,0],"144":[0,0],"145":[0,0],"146":[0,0],"147":[0,0],"148":[0,0],"149":[0,0],"150":[0,0],"151":[0,0],"152":[0,0],"153":[0,0],"154":[0,0],"155":[0,0],"156":[0,0],"157":[0,0],"158":[0,0],"159":[0,0],"160":[0,0],"161":[0,0,0,0],"162":[0,0],"163":[0,0],"164":[0,0],"165":[0,0],"166":[0,0],"167":[0,0],"168":[0,0],"169":[0,0],"170":[1,0],"171":[1,1],"172":[0,0],"173":[0,1]},"f":{"1":1,"2":1,"3":3,"4":4,"5":0,"6":0,"7":0,"8":0,"9":0,"10":0,"11":0,"12":0,"13":0,"14":0,"15":0,"16":0,"17":0,"18":0,"19":0,"20":0,"21":0,"22":0,"23":0,"24":0,"25":0,"26":0,"27":0},"fnMap":{"1":{"name":"(anonymous_1)","line":2,"loc":{"start":{"line":2,"column":2},"end":{"line":2,"column":14}}},"2":{"name":"runInContext","line":29,"loc":{"start":{"line":29,"column":2},"end":{"line":29,"column":42}}},"3":{"name":"has","line":68,"loc":{"start":{"line":68,"column":4},"end":{"line":68,"column":23}}},"4":{"name":"(anonymous_4)","line":89,"loc":{"start":{"line":89,"column":21},"end":{"line":89,"column":33}}},"5":{"name":"(anonymous_5)","line":217,"loc":{"start":{"line":217,"column":21},"end":{"line":217,"column":44}}},"6":{"name":"(anonymous_6)","line":225,"loc":{"start":{"line":225,"column":21},"end":{"line":225,"column":41}}},"7":{"name":"(anonymous_7)","line":234,"loc":{"start":{"line":234,"column":25},"end":{"line":234,"column":45}}},"8":{"name":"(anonymous_8)","line":248,"loc":{"start":{"line":248,"column":25},"end":{"line":248,"column":45}}},"9":{"name":"(anonymous_9)","line":260,"loc":{"start":{"line":260,"column":16},"end":{"line":260,"column":44}}},"10":{"name":"(anonymous_10)","line":266,"loc":{"start":{"line":266,"column":22},"end":{"line":266,"column":34}}},"11":{"name":"(anonymous_11)","line":286,"loc":{"start":{"line":286,"column":20},"end":{"line":286,"column":48}}},"12":{"name":"(anonymous_12)","line":301,"loc":{"start":{"line":301,"column":20},"end":{"line":301,"column":48}}},"13":{"name":"(anonymous_13)","line":315,"loc":{"start":{"line":315,"column":20},"end":{"line":315,"column":48}}},"14":{"name":"(anonymous_14)","line":353,"loc":{"start":{"line":353,"column":29},"end":{"line":353,"column":53}}},"15":{"name":"(anonymous_15)","line":364,"loc":{"start":{"line":364,"column":20},"end":{"line":364,"column":37}}},"16":{"name":"(anonymous_16)","line":388,"loc":{"start":{"line":388,"column":24},"end":{"line":388,"column":106}}},"17":{"name":"(anonymous_17)","line":495,"loc":{"start":{"line":495,"column":43},"end":{"line":495,"column":63}}},"18":{"name":"(anonymous_18)","line":516,"loc":{"start":{"line":516,"column":28},"end":{"line":516,"column":61}}},"19":{"name":"(anonymous_19)","line":566,"loc":{"start":{"line":566,"column":20},"end":{"line":566,"column":32}}},"20":{"name":"(anonymous_20)","line":574,"loc":{"start":{"line":574,"column":18},"end":{"line":574,"column":30}}},"21":{"name":"(anonymous_21)","line":732,"loc":{"start":{"line":732,"column":18},"end":{"line":732,"column":35}}},"22":{"name":"(anonymous_22)","line":815,"loc":{"start":{"line":815,"column":21},"end":{"line":815,"column":59}}},"23":{"name":"(anonymous_23)","line":827,"loc":{"start":{"line":827,"column":19},"end":{"line":827,"column":57}}},"24":{"name":"(anonymous_24)","line":838,"loc":{"start":{"line":838,"column":29},"end":{"line":838,"column":49}}},"25":{"name":"(anonymous_25)","line":847,"loc":{"start":{"line":847,"column":24},"end":{"line":847,"column":52}}},"26":{"name":"(anonymous_26)","line":879,"loc":{"start":{"line":879,"column":20},"end":{"line":879,"column":32}}},"27":{"name":"(anonymous_27)","line":898,"loc":{"start":{"line":898,"column":11},"end":{"line":898,"column":23}}}},"statementMap":{"1":{"start":{"line":2,"column":1},"end":{"line":902,"column":14}},"2":{"start":{"line":5,"column":2},"end":{"line":5,"column":60}},"3":{"start":{"line":8,"column":2},"end":{"line":11,"column":4}},"4":{"start":{"line":14,"column":2},"end":{"line":14,"column":91}},"5":{"start":{"line":20,"column":2},"end":{"line":21,"column":130}},"6":{"start":{"line":23,"column":2},"end":{"line":25,"column":3}},"7":{"start":{"line":24,"column":4},"end":{"line":24,"column":22}},"8":{"start":{"line":29,"column":2},"end":{"line":865,"column":3}},"9":{"start":{"line":30,"column":4},"end":{"line":30,"column":44}},"10":{"start":{"line":31,"column":4},"end":{"line":31,"column":44}},"11":{"start":{"line":34,"column":4},"end":{"line":41,"column":53}},"12":{"start":{"line":44,"column":4},"end":{"line":47,"column":5}},"13":{"start":{"line":45,"column":6},"end":{"line":45,"column":47}},"14":{"start":{"line":46,"column":6},"end":{"line":46,"column":39}},"15":{"start":{"line":50,"column":4},"end":{"line":52,"column":35}},"16":{"start":{"line":55,"column":4},"end":{"line":55,"column":49}},"17":{"start":{"line":56,"column":4},"end":{"line":64,"column":26}},"18":{"start":{"line":59,"column":6},"end":{"line":63,"column":152}},"19":{"start":{"line":68,"column":4},"end":{"line":195,"column":5}},"20":{"start":{"line":69,"column":6},"end":{"line":72,"column":7}},"21":{"start":{"line":71,"column":8},"end":{"line":71,"column":25}},"22":{"start":{"line":73,"column":6},"end":{"line":73,"column":22}},"23":{"start":{"line":74,"column":6},"end":{"line":193,"column":7}},"24":{"start":{"line":77,"column":8},"end":{"line":77,"column":36}},"25":{"start":{"line":78,"column":13},"end":{"line":193,"column":7}},"26":{"start":{"line":81,"column":8},"end":{"line":81,"column":65}},"27":{"start":{"line":83,"column":8},"end":{"line":83,"column":85}},"28":{"start":{"line":85,"column":8},"end":{"line":151,"column":9}},"29":{"start":{"line":86,"column":10},"end":{"line":86,"column":111}},"30":{"start":{"line":87,"column":10},"end":{"line":149,"column":11}},"31":{"start":{"line":89,"column":12},"end":{"line":91,"column":30}},"32":{"start":{"line":90,"column":14},"end":{"line":90,"column":23}},"33":{"start":{"line":92,"column":12},"end":{"line":148,"column":13}},"34":{"start":{"line":93,"column":14},"end":{"line":145,"column":72}},"35":{"start":{"line":147,"column":14},"end":{"line":147,"column":41}},"36":{"start":{"line":150,"column":10},"end":{"line":150,"column":43}},"37":{"start":{"line":153,"column":8},"end":{"line":192,"column":9}},"38":{"start":{"line":154,"column":10},"end":{"line":154,"column":36}},"39":{"start":{"line":155,"column":10},"end":{"line":190,"column":11}},"40":{"start":{"line":156,"column":12},"end":{"line":189,"column":13}},"41":{"start":{"line":160,"column":14},"end":{"line":186,"column":15}},"42":{"start":{"line":162,"column":16},"end":{"line":162,"column":42}},"43":{"start":{"line":163,"column":16},"end":{"line":163,"column":83}},"44":{"start":{"line":164,"column":16},"end":{"line":185,"column":17}},"45":{"start":{"line":165,"column":18},"end":{"line":168,"column":40}},"46":{"start":{"line":167,"column":20},"end":{"line":167,"column":52}},"47":{"start":{"line":169,"column":18},"end":{"line":176,"column":19}},"48":{"start":{"line":170,"column":20},"end":{"line":175,"column":42}},"49":{"start":{"line":174,"column":22},"end":{"line":174,"column":57}},"50":{"start":{"line":177,"column":18},"end":{"line":184,"column":19}},"51":{"start":{"line":178,"column":20},"end":{"line":183,"column":42}},"52":{"start":{"line":182,"column":22},"end":{"line":182,"column":57}},"53":{"start":{"line":188,"column":14},"end":{"line":188,"column":37}},"54":{"start":{"line":191,"column":10},"end":{"line":191,"column":39}},"55":{"start":{"line":194,"column":6},"end":{"line":194,"column":39}},"56":{"start":{"line":197,"column":4},"end":{"line":861,"column":5}},"57":{"start":{"line":199,"column":6},"end":{"line":204,"column":44}},"58":{"start":{"line":207,"column":6},"end":{"line":207,"column":56}},"59":{"start":{"line":210,"column":6},"end":{"line":220,"column":7}},"60":{"start":{"line":211,"column":8},"end":{"line":211,"column":31}},"61":{"start":{"line":214,"column":8},"end":{"line":214,"column":77}},"62":{"start":{"line":217,"column":8},"end":{"line":219,"column":10}},"63":{"start":{"line":218,"column":10},"end":{"line":218,"column":179}},"64":{"start":{"line":224,"column":6},"end":{"line":256,"column":7}},"65":{"start":{"line":225,"column":8},"end":{"line":255,"column":10}},"66":{"start":{"line":226,"column":10},"end":{"line":226,"column":40}},"67":{"start":{"line":227,"column":10},"end":{"line":252,"column":11}},"68":{"start":{"line":234,"column":12},"end":{"line":242,"column":14}},"69":{"start":{"line":238,"column":14},"end":{"line":238,"column":96}},"70":{"start":{"line":240,"column":14},"end":{"line":240,"column":40}},"71":{"start":{"line":241,"column":14},"end":{"line":241,"column":28}},"72":{"start":{"line":245,"column":12},"end":{"line":245,"column":46}},"73":{"start":{"line":248,"column":12},"end":{"line":251,"column":14}},"74":{"start":{"line":249,"column":14},"end":{"line":249,"column":71}},"75":{"start":{"line":250,"column":14},"end":{"line":250,"column":102}},"76":{"start":{"line":253,"column":10},"end":{"line":253,"column":25}},"77":{"start":{"line":254,"column":10},"end":{"line":254,"column":49}},"78":{"start":{"line":260,"column":6},"end":{"line":330,"column":8}},"79":{"start":{"line":261,"column":8},"end":{"line":261,"column":52}},"80":{"start":{"line":266,"column":8},"end":{"line":268,"column":33}},"81":{"start":{"line":267,"column":10},"end":{"line":267,"column":27}},"82":{"start":{"line":271,"column":8},"end":{"line":271,"column":35}},"83":{"start":{"line":272,"column":8},"end":{"line":277,"column":9}},"84":{"start":{"line":274,"column":10},"end":{"line":276,"column":11}},"85":{"start":{"line":275,"column":12},"end":{"line":275,"column":19}},"86":{"start":{"line":278,"column":8},"end":{"line":278,"column":36}},"87":{"start":{"line":281,"column":8},"end":{"line":328,"column":9}},"88":{"start":{"line":283,"column":10},"end":{"line":283,"column":136}},"89":{"start":{"line":286,"column":10},"end":{"line":298,"column":12}},"90":{"start":{"line":287,"column":12},"end":{"line":287,"column":86}},"91":{"start":{"line":288,"column":12},"end":{"line":288,"column":169}},"92":{"start":{"line":289,"column":12},"end":{"line":295,"column":13}},"93":{"start":{"line":292,"column":14},"end":{"line":294,"column":15}},"94":{"start":{"line":293,"column":16},"end":{"line":293,"column":35}},"95":{"start":{"line":297,"column":12},"end":{"line":297,"column":130}},"96":{"start":{"line":299,"column":15},"end":{"line":328,"column":9}},"97":{"start":{"line":301,"column":10},"end":{"line":312,"column":12}},"98":{"start":{"line":303,"column":12},"end":{"line":303,"column":92}},"99":{"start":{"line":304,"column":12},"end":{"line":311,"column":13}},"100":{"start":{"line":308,"column":14},"end":{"line":310,"column":15}},"101":{"start":{"line":309,"column":16},"end":{"line":309,"column":35}},"102":{"start":{"line":315,"column":10},"end":{"line":327,"column":12}},"103":{"start":{"line":316,"column":12},"end":{"line":316,"column":93}},"104":{"start":{"line":317,"column":12},"end":{"line":321,"column":13}},"105":{"start":{"line":318,"column":14},"end":{"line":320,"column":15}},"106":{"start":{"line":319,"column":16},"end":{"line":319,"column":35}},"107":{"start":{"line":324,"column":12},"end":{"line":326,"column":13}},"108":{"start":{"line":325,"column":14},"end":{"line":325,"column":33}},"109":{"start":{"line":329,"column":8},"end":{"line":329,"column":41}},"110":{"start":{"line":338,"column":6},"end":{"line":543,"column":7}},"111":{"start":{"line":340,"column":8},"end":{"line":348,"column":10}},"112":{"start":{"line":352,"column":8},"end":{"line":352,"column":37}},"113":{"start":{"line":353,"column":8},"end":{"line":357,"column":10}},"114":{"start":{"line":356,"column":10},"end":{"line":356,"column":62}},"115":{"start":{"line":363,"column":8},"end":{"line":363,"column":36}},"116":{"start":{"line":364,"column":8},"end":{"line":384,"column":10}},"117":{"start":{"line":365,"column":10},"end":{"line":365,"column":108}},"118":{"start":{"line":366,"column":10},"end":{"line":366,"column":83}},"119":{"start":{"line":367,"column":10},"end":{"line":382,"column":11}},"120":{"start":{"line":368,"column":12},"end":{"line":368,"column":51}},"121":{"start":{"line":371,"column":12},"end":{"line":381,"column":13}},"122":{"start":{"line":373,"column":16},"end":{"line":373,"column":44}},"123":{"start":{"line":374,"column":16},"end":{"line":374,"column":22}},"124":{"start":{"line":376,"column":16},"end":{"line":379,"column":17}},"125":{"start":{"line":377,"column":18},"end":{"line":377,"column":85}},"126":{"start":{"line":378,"column":18},"end":{"line":378,"column":24}},"127":{"start":{"line":380,"column":16},"end":{"line":380,"column":78}},"128":{"start":{"line":383,"column":10},"end":{"line":383,"column":30}},"129":{"start":{"line":388,"column":8},"end":{"line":513,"column":10}},"130":{"start":{"line":389,"column":10},"end":{"line":389,"column":144}},"131":{"start":{"line":390,"column":10},"end":{"line":393,"column":32}},"132":{"start":{"line":392,"column":12},"end":{"line":392,"column":37}},"133":{"start":{"line":394,"column":10},"end":{"line":447,"column":11}},"134":{"start":{"line":395,"column":12},"end":{"line":395,"column":45}},"135":{"start":{"line":396,"column":12},"end":{"line":446,"column":13}},"136":{"start":{"line":397,"column":14},"end":{"line":439,"column":15}},"137":{"start":{"line":401,"column":16},"end":{"line":428,"column":17}},"138":{"start":{"line":405,"column":18},"end":{"line":405,"column":46}},"139":{"start":{"line":406,"column":18},"end":{"line":406,"column":102}},"140":{"start":{"line":407,"column":18},"end":{"line":407,"column":114}},"141":{"start":{"line":408,"column":18},"end":{"line":408,"column":56}},"142":{"start":{"line":413,"column":18},"end":{"line":413,"column":57}},"143":{"start":{"line":416,"column":18},"end":{"line":416,"column":50}},"144":{"start":{"line":417,"column":18},"end":{"line":417,"column":51}},"145":{"start":{"line":418,"column":18},"end":{"line":418,"column":51}},"146":{"start":{"line":419,"column":18},"end":{"line":419,"column":44}},"147":{"start":{"line":421,"column":18},"end":{"line":421,"column":48}},"148":{"start":{"line":422,"column":18},"end":{"line":422,"column":46}},"149":{"start":{"line":423,"column":18},"end":{"line":423,"column":44}},"150":{"start":{"line":424,"column":18},"end":{"line":424,"column":46}},"151":{"start":{"line":425,"column":18},"end":{"line":425,"column":50}},"152":{"start":{"line":426,"column":18},"end":{"line":426,"column":50}},"153":{"start":{"line":427,"column":18},"end":{"line":427,"column":60}},"154":{"start":{"line":430,"column":16},"end":{"line":436,"column":62}},"155":{"start":{"line":438,"column":16},"end":{"line":438,"column":29}},"156":{"start":{"line":440,"column":19},"end":{"line":446,"column":13}},"157":{"start":{"line":445,"column":14},"end":{"line":445,"column":45}},"158":{"start":{"line":448,"column":10},"end":{"line":452,"column":11}},"159":{"start":{"line":451,"column":12},"end":{"line":451,"column":59}},"160":{"start":{"line":453,"column":10},"end":{"line":455,"column":11}},"161":{"start":{"line":454,"column":12},"end":{"line":454,"column":26}},"162":{"start":{"line":456,"column":10},"end":{"line":456,"column":43}},"163":{"start":{"line":457,"column":10},"end":{"line":467,"column":11}},"164":{"start":{"line":459,"column":12},"end":{"line":459,"column":30}},"165":{"start":{"line":460,"column":17},"end":{"line":467,"column":11}},"166":{"start":{"line":463,"column":12},"end":{"line":463,"column":73}},"167":{"start":{"line":464,"column":17},"end":{"line":467,"column":11}},"168":{"start":{"line":466,"column":12},"end":{"line":466,"column":37}},"169":{"start":{"line":469,"column":10},"end":{"line":512,"column":11}},"170":{"start":{"line":472,"column":12},"end":{"line":477,"column":13}},"171":{"start":{"line":473,"column":14},"end":{"line":476,"column":15}},"172":{"start":{"line":475,"column":16},"end":{"line":475,"column":34}},"173":{"start":{"line":479,"column":12},"end":{"line":479,"column":30}},"174":{"start":{"line":480,"column":12},"end":{"line":480,"column":25}},"175":{"start":{"line":482,"column":12},"end":{"line":482,"column":33}},"176":{"start":{"line":483,"column":12},"end":{"line":483,"column":38}},"177":{"start":{"line":484,"column":12},"end":{"line":508,"column":13}},"178":{"start":{"line":486,"column":14},"end":{"line":489,"column":15}},"179":{"start":{"line":487,"column":16},"end":{"line":487,"column":104}},"180":{"start":{"line":488,"column":16},"end":{"line":488,"column":67}},"181":{"start":{"line":490,"column":14},"end":{"line":490,"column":174}},"182":{"start":{"line":495,"column":14},"end":{"line":506,"column":17}},"183":{"start":{"line":496,"column":16},"end":{"line":496,"column":111}},"184":{"start":{"line":497,"column":16},"end":{"line":505,"column":17}},"185":{"start":{"line":504,"column":18},"end":{"line":504,"column":90}},"186":{"start":{"line":507,"column":14},"end":{"line":507,"column":174}},"187":{"start":{"line":510,"column":12},"end":{"line":510,"column":24}},"188":{"start":{"line":511,"column":12},"end":{"line":511,"column":26}},"189":{"start":{"line":516,"column":8},"end":{"line":542,"column":10}},"190":{"start":{"line":517,"column":10},"end":{"line":517,"column":58}},"191":{"start":{"line":518,"column":10},"end":{"line":526,"column":11}},"192":{"start":{"line":519,"column":12},"end":{"line":525,"column":13}},"193":{"start":{"line":520,"column":14},"end":{"line":520,"column":32}},"194":{"start":{"line":521,"column":19},"end":{"line":525,"column":13}},"195":{"start":{"line":523,"column":14},"end":{"line":523,"column":30}},"196":{"start":{"line":524,"column":14},"end":{"line":524,"column":225}},"197":{"start":{"line":527,"column":10},"end":{"line":537,"column":11}},"198":{"start":{"line":528,"column":12},"end":{"line":536,"column":13}},"199":{"start":{"line":531,"column":14},"end":{"line":533,"column":15}},"200":{"start":{"line":532,"column":16},"end":{"line":532,"column":112}},"201":{"start":{"line":534,"column":19},"end":{"line":536,"column":13}},"202":{"start":{"line":535,"column":14},"end":{"line":535,"column":75}},"203":{"start":{"line":541,"column":10},"end":{"line":541,"column":114}},"204":{"start":{"line":546,"column":6},"end":{"line":860,"column":7}},"205":{"start":{"line":547,"column":8},"end":{"line":547,"column":47}},"206":{"start":{"line":551,"column":8},"end":{"line":560,"column":10}},"207":{"start":{"line":563,"column":8},"end":{"line":563,"column":26}},"208":{"start":{"line":566,"column":8},"end":{"line":569,"column":10}},"209":{"start":{"line":567,"column":10},"end":{"line":567,"column":32}},"210":{"start":{"line":568,"column":10},"end":{"line":568,"column":30}},"211":{"start":{"line":574,"column":8},"end":{"line":729,"column":10}},"212":{"start":{"line":575,"column":10},"end":{"line":575,"column":98}},"213":{"start":{"line":576,"column":10},"end":{"line":725,"column":11}},"214":{"start":{"line":577,"column":12},"end":{"line":577,"column":48}},"215":{"start":{"line":578,"column":12},"end":{"line":724,"column":13}},"216":{"start":{"line":582,"column":16},"end":{"line":582,"column":24}},"217":{"start":{"line":583,"column":16},"end":{"line":583,"column":22}},"218":{"start":{"line":587,"column":16},"end":{"line":587,"column":78}},"219":{"start":{"line":588,"column":16},"end":{"line":588,"column":24}},"220":{"start":{"line":589,"column":16},"end":{"line":589,"column":29}},"221":{"start":{"line":595,"column":16},"end":{"line":648,"column":17}},"222":{"start":{"line":596,"column":18},"end":{"line":596,"column":54}},"223":{"start":{"line":597,"column":18},"end":{"line":647,"column":19}},"224":{"start":{"line":600,"column":20},"end":{"line":600,"column":28}},"225":{"start":{"line":601,"column":25},"end":{"line":647,"column":19}},"226":{"start":{"line":605,"column":20},"end":{"line":605,"column":58}},"227":{"start":{"line":606,"column":20},"end":{"line":632,"column":21}},"228":{"start":{"line":609,"column":24},"end":{"line":609,"column":53}},"229":{"start":{"line":610,"column":24},"end":{"line":610,"column":32}},"230":{"start":{"line":611,"column":24},"end":{"line":611,"column":30}},"231":{"start":{"line":616,"column":24},"end":{"line":616,"column":40}},"232":{"start":{"line":617,"column":24},"end":{"line":625,"column":25}},"233":{"start":{"line":618,"column":26},"end":{"line":618,"column":62}},"234":{"start":{"line":621,"column":26},"end":{"line":624,"column":27}},"235":{"start":{"line":623,"column":28},"end":{"line":623,"column":36}},"236":{"start":{"line":627,"column":24},"end":{"line":627,"column":81}},"237":{"start":{"line":628,"column":24},"end":{"line":628,"column":30}},"238":{"start":{"line":631,"column":24},"end":{"line":631,"column":32}},"239":{"start":{"line":634,"column":20},"end":{"line":638,"column":21}},"240":{"start":{"line":637,"column":22},"end":{"line":637,"column":28}},"241":{"start":{"line":639,"column":20},"end":{"line":639,"column":56}},"242":{"start":{"line":640,"column":20},"end":{"line":640,"column":34}},"243":{"start":{"line":642,"column":20},"end":{"line":644,"column":21}},"244":{"start":{"line":643,"column":22},"end":{"line":643,"column":60}},"245":{"start":{"line":646,"column":20},"end":{"line":646,"column":56}},"246":{"start":{"line":649,"column":16},"end":{"line":653,"column":17}},"247":{"start":{"line":651,"column":18},"end":{"line":651,"column":26}},"248":{"start":{"line":652,"column":18},"end":{"line":652,"column":31}},"249":{"start":{"line":655,"column":16},"end":{"line":655,"column":24}},"250":{"start":{"line":658,"column":16},"end":{"line":658,"column":30}},"251":{"start":{"line":660,"column":16},"end":{"line":663,"column":17}},"252":{"start":{"line":661,"column":18},"end":{"line":661,"column":34}},"253":{"start":{"line":662,"column":18},"end":{"line":662,"column":56}},"254":{"start":{"line":665,"column":16},"end":{"line":706,"column":17}},"255":{"start":{"line":667,"column":18},"end":{"line":670,"column":19}},"256":{"start":{"line":669,"column":20},"end":{"line":669,"column":28}},"257":{"start":{"line":671,"column":18},"end":{"line":671,"column":35}},"258":{"start":{"line":673,"column":18},"end":{"line":673,"column":127}},"259":{"start":{"line":676,"column":18},"end":{"line":685,"column":19}},"260":{"start":{"line":677,"column":20},"end":{"line":677,"column":39}},"261":{"start":{"line":679,"column":20},"end":{"line":679,"column":138}},"262":{"start":{"line":680,"column":20},"end":{"line":683,"column":21}},"263":{"start":{"line":682,"column":22},"end":{"line":682,"column":30}},"264":{"start":{"line":684,"column":20},"end":{"line":684,"column":37}},"265":{"start":{"line":688,"column":18},"end":{"line":688,"column":54}},"266":{"start":{"line":689,"column":18},"end":{"line":703,"column":19}},"267":{"start":{"line":690,"column":20},"end":{"line":690,"column":58}},"268":{"start":{"line":693,"column":20},"end":{"line":695,"column":21}},"269":{"start":{"line":694,"column":22},"end":{"line":694,"column":30}},"270":{"start":{"line":697,"column":20},"end":{"line":697,"column":154}},"271":{"start":{"line":698,"column":20},"end":{"line":701,"column":21}},"272":{"start":{"line":700,"column":22},"end":{"line":700,"column":30}},"273":{"start":{"line":702,"column":20},"end":{"line":702,"column":37}},"274":{"start":{"line":705,"column":18},"end":{"line":705,"column":53}},"275":{"start":{"line":708,"column":16},"end":{"line":710,"column":17}},"276":{"start":{"line":709,"column":18},"end":{"line":709,"column":26}},"277":{"start":{"line":712,"column":16},"end":{"line":721,"column":17}},"278":{"start":{"line":713,"column":18},"end":{"line":713,"column":29}},"279":{"start":{"line":714,"column":18},"end":{"line":714,"column":30}},"280":{"start":{"line":715,"column":23},"end":{"line":721,"column":17}},"281":{"start":{"line":716,"column":18},"end":{"line":716,"column":29}},"282":{"start":{"line":717,"column":18},"end":{"line":717,"column":31}},"283":{"start":{"line":718,"column":23},"end":{"line":721,"column":17}},"284":{"start":{"line":719,"column":18},"end":{"line":719,"column":29}},"285":{"start":{"line":720,"column":18},"end":{"line":720,"column":30}},"286":{"start":{"line":723,"column":16},"end":{"line":723,"column":24}},"287":{"start":{"line":728,"column":10},"end":{"line":728,"column":21}},"288":{"start":{"line":732,"column":8},"end":{"line":812,"column":10}},"289":{"start":{"line":733,"column":10},"end":{"line":733,"column":34}},"290":{"start":{"line":734,"column":10},"end":{"line":737,"column":11}},"291":{"start":{"line":736,"column":12},"end":{"line":736,"column":20}},"292":{"start":{"line":738,"column":10},"end":{"line":810,"column":11}},"293":{"start":{"line":739,"column":12},"end":{"line":742,"column":13}},"294":{"start":{"line":741,"column":14},"end":{"line":741,"column":36}},"295":{"start":{"line":744,"column":12},"end":{"line":807,"column":13}},"296":{"start":{"line":746,"column":14},"end":{"line":746,"column":27}},"297":{"start":{"line":747,"column":14},"end":{"line":773,"column":15}},"298":{"start":{"line":748,"column":16},"end":{"line":748,"column":30}},"299":{"start":{"line":750,"column":16},"end":{"line":752,"column":17}},"300":{"start":{"line":751,"column":18},"end":{"line":751,"column":24}},"301":{"start":{"line":756,"column":16},"end":{"line":767,"column":17}},"302":{"start":{"line":757,"column":18},"end":{"line":766,"column":19}},"303":{"start":{"line":758,"column":20},"end":{"line":758,"column":34}},"304":{"start":{"line":759,"column":20},"end":{"line":762,"column":21}},"305":{"star
[...]
ionClass) {","              callback = filter;","            } else if (className == arrayClass) {","              // Convert the property names array into a makeshift set.","              properties = {};","              for (var index = 0, length = filter.length, value; index < length; value = filter[index++], ((className = getClass.call(value)), className == stringClass || className == numberClass) && (properties[value] = 1));","            }","          }","          if (width) {","            if ((className = getClass.call(width)) == numberClass) {","              // Convert the `width` to an integer and create a string containing","              // `width` number of space characters.","              if ((width -= width % 1) > 0) {","                for (whitespace = \"\", width > 10 && (width = 10); whitespace.length < width; whitespace += \" \");","              }","            } else if (className == stringClass) {","              whitespace = width.length <= 10 ? width : width.slice(0, 10);","            }","          }","          // Opera <= 7.54u2 discards the values associated with empty string keys","          // (`\"\"`) only if they are used directly within an object member list","          // (e.g., `!(\"\" in { \"\": 1})`).","          return serialize(\"\", (value = {}, value[\"\"] = source, value), callback, properties, whitespace, \"\", []);","        };","      }","","      // Public: Parses a JSON source string.","      if (!has(\"json-parse\")) {","        var fromCharCode = String.fromCharCode;","","        // Internal: A map of escaped control characters and their unescaped","        // equivalents.","        var Unescapes = {","          92: \"\\\\\",","          34: '\"',","          47: \"/\",","          98: \"\\b\",","          116: \"\\t\",","          110: \"\\n\",","          102: \"\\f\",","          114: \"\\r\"","        };","","        // Internal: Stores the parser state.","        var Index, Source;","","        // Internal: Resets the parser state and throws a `SyntaxError`.","        var abort = function () {","          Index = Source = null;","          throw SyntaxError();","        };","","        // Internal: Returns the next token, or `\"$\"` if the parser has reached","        // the end of the source string. A token may be a string, number, `null`","        // literal, or Boolean literal.","        var lex = function () {","          var source = Source, length = source.length, value, begin, position, isSigned, charCode;","          while (Index < length) {","            charCode = source.charCodeAt(Index);","            switch (charCode) {","              case 9: case 10: case 13: case 32:","                // Skip whitespace tokens, including tabs, carriage returns, line","                // feeds, and space characters.","                Index++;","                break;","              case 123: case 125: case 91: case 93: case 58: case 44:","                // Parse a punctuator token (`{`, `}`, `[`, `]`, `:`, or `,`) at","                // the current position.","                value = charIndexBuggy ? source.charAt(Index) : source[Index];","                Index++;","                return value;","              case 34:","                // `\"` delimits a JSON string; advance to the next character and","                // begin parsing the string. String tokens are prefixed with the","                // sentinel `@` character to distinguish them from punctuators and","                // end-of-string tokens.","                for (value = \"@\", Index++; Index < length;) {","                  charCode = source.charCodeAt(Index);","                  if (charCode < 32) {","                    // Unescaped ASCII control characters (those with a code unit","                    // less than the space character) are not permitted.","                    abort();","                  } else if (charCode == 92) {","                    // A reverse solidus (`\\`) marks the beginning of an escaped","                    // control character (including `\"`, `\\`, and `/`) or Unicode","                    // escape sequence.","                    charCode = source.charCodeAt(++Index);","                    switch (charCode) {","                      case 92: case 34: case 47: case 98: case 116: case 110: case 102: case 114:","                        // Revive escaped control characters.","                        value += Unescapes[charCode];","                        Index++;","                        break;","                      case 117:","                        // `\\u` marks the beginning of a Unicode escape sequence.","                        // Advance to the first character and validate the","                        // four-digit code point.","                        begin = ++Index;","                        for (position = Index + 4; Index < position; Index++) {","                          charCode = source.charCodeAt(Index);","                          // A valid sequence comprises four hexdigits (case-","                          // insensitive) that form a single hexadecimal value.","                          if (!(charCode >= 48 && charCode <= 57 || charCode >= 97 && charCode <= 102 || charCode >= 65 && charCode <= 70)) {","                            // Invalid Unicode escape sequence.","                            abort();","                          }","                        }","                        // Revive the escaped character.","                        value += fromCharCode(\"0x\" + source.slice(begin, Index));","                        break;","                      default:","                        // Invalid escape sequence.","                        abort();","                    }","                  } else {","                    if (charCode == 34) {","                      // An unescaped double-quote character marks the end of the","                      // string.","                      break;","                    }","                    charCode = source.charCodeAt(Index);","                    begin = Index;","                    // Optimize for the common case where a string is valid.","                    while (charCode >= 32 && charCode != 92 && charCode != 34) {","                      charCode = source.charCodeAt(++Index);","                    }","                    // Append the string as-is.","                    value += source.slice(begin, Index);","                  }","                }","                if (source.charCodeAt(Index) == 34) {","                  // Advance to the next character and return the revived string.","                  Index++;","                  return value;","                }","                // Unterminated string.","                abort();","              default:","                // Parse numbers and literals.","                begin = Index;","                // Advance past the negative sign, if one is specified.","                if (charCode == 45) {","                  isSigned = true;","                  charCode = source.charCodeAt(++Index);","                }","                // Parse an integer or floating-point value.","                if (charCode >= 48 && charCode <= 57) {","                  // Leading zeroes are interpreted as octal literals.","                  if (charCode == 48 && ((charCode = source.charCodeAt(Index + 1)), charCode >= 48 && charCode <= 57)) {","                    // Illegal octal literal.","                    abort();","                  }","                  isSigned = false;","                  // Parse the integer component.","                  for (; Index < length && ((charCode = source.charCodeAt(Index)), charCode >= 48 && charCode <= 57); Index++);","                  // Floats cannot contain a leading decimal point; however, this","                  // case is already accounted for by the parser.","                  if (source.charCodeAt(Index) == 46) {","                    position = ++Index;","                    // Parse the decimal component.","                    for (; position < length && ((charCode = source.charCodeAt(position)), charCode >= 48 && charCode <= 57); position++);","                    if (position == Index) {","                      // Illegal trailing decimal.","                      abort();","                    }","                    Index = position;","                  }","                  // Parse exponents. The `e` denoting the exponent is","                  // case-insensitive.","                  charCode = source.charCodeAt(Index);","                  if (charCode == 101 || charCode == 69) {","                    charCode = source.charCodeAt(++Index);","                    // Skip past the sign following the exponent, if one is","                    // specified.","                    if (charCode == 43 || charCode == 45) {","                      Index++;","                    }","                    // Parse the exponential component.","                    for (position = Index; position < length && ((charCode = source.charCodeAt(position)), charCode >= 48 && charCode <= 57); position++);","                    if (position == Index) {","                      // Illegal empty exponent.","                      abort();","                    }","                    Index = position;","                  }","                  // Coerce the parsed value to a JavaScript number.","                  return +source.slice(begin, Index);","                }","                // A negative sign may only precede numbers.","                if (isSigned) {","                  abort();","                }","                // `true`, `false`, and `null` literals.","                if (source.slice(Index, Index + 4) == \"true\") {","                  Index += 4;","                  return true;","                } else if (source.slice(Index, Index + 5) == \"false\") {","                  Index += 5;","                  return false;","                } else if (source.slice(Index, Index + 4) == \"null\") {","                  Index += 4;","                  return null;","                }","                // Unrecognized token.","                abort();","            }","          }","          // Return the sentinel `$` character if the parser has reached the end","          // of the source string.","          return \"$\";","        };","","        // Internal: Parses a JSON `value` token.","        var get = function (value) {","          var results, hasMembers;","          if (value == \"$\") {","            // Unexpected end of input.","            abort();","          }","          if (typeof value == \"string\") {","            if ((charIndexBuggy ? value.charAt(0) : value[0]) == \"@\") {","              // Remove the sentinel `@` character.","              return value.slice(1);","            }","            // Parse object and array literals.","            if (value == \"[\") {","              // Parses a JSON array, returning a new JavaScript array.","              results = [];","              for (;; hasMembers || (hasMembers = true)) {","                value = lex();","                // A closing square bracket marks the end of the array literal.","                if (value == \"]\") {","                  break;","                }","                // If the array literal contains elements, the current token","                // should be a comma separating the previous element from the","                // next.","                if (hasMembers) {","                  if (value == \",\") {","                    value = lex();","                    if (value == \"]\") {","                      // Unexpected trailing `,` in array literal.","                      abort();","                    }","                  } else {","                    // A `,` must separate each array element.","                    abort();","                  }","                }","                // Elisions and leading commas are not permitted.","                if (value == \",\") {","                  abort();","                }","                results.push(get(value));","              }","              return results;","            } else if (value == \"{\") {","              // Parses a JSON object, returning a new JavaScript object.","              results = {};","              for (;; hasMembers || (hasMembers = true)) {","                value = lex();","                // A closing curly brace marks the end of the object literal.","                if (value == \"}\") {","                  break;","                }","                // If the object literal contains members, the current token","                // should be a comma separator.","                if (hasMembers) {","                  if (value == \",\") {","                    value = lex();","                    if (value == \"}\") {","                      // Unexpected trailing `,` in object literal.","                      abort();","                    }","                  } else {","                    // A `,` must separate each object member.","                    abort();","                  }","                }","                // Leading commas are not permitted, object property names must be","                // double-quoted strings, and a `:` must separate each property","                // name and value.","                if (value == \",\" || typeof value != \"string\" || (charIndexBuggy ? value.charAt(0) : value[0]) != \"@\" || lex() != \":\") {","                  abort();","                }","                results[value.slice(1)] = get(lex());","              }","              return results;","            }","            // Unexpected token encountered.","            abort();","          }","          return value;","        };","","        // Internal: Updates a traversed object member.","        var update = function (source, property, callback) {","          var element = walk(source, property, callback);","          if (element === undef) {","            delete source[property];","          } else {","            source[property] = element;","          }","        };","","        // Internal: Recursively traverses a parsed JSON object, invoking the","        // `callback` function for each value. This is an implementation of the","        // `Walk(holder, name)` operation defined in ES 5.1 section 15.12.2.","        var walk = function (source, property, callback) {","          var value = source[property], length;","          if (typeof value == \"object\" && value) {","            // `forEach` can't be used to traverse an array in Opera <= 8.54","            // because its `Object#hasOwnProperty` implementation returns `false`","            // for array indices (e.g., `![1, 2, 3].hasOwnProperty(\"0\")`).","            if (getClass.call(value) == arrayClass) {","              for (length = value.length; length--;) {","                update(value, length, callback);","              }","            } else {","              forEach(value, function (property) {","                update(value, property, callback);","              });","            }","          }","          return callback.call(source, property, value);","        };","","        // Public: `JSON.parse`. See ES 5.1 section 15.12.2.","        exports.parse = function (source, callback) {","          var result, value;","          Index = 0;","          Source = \"\" + source;","          result = get(lex());","          // If a JSON string contains multiple tokens, it is invalid.","          if (lex() != \"$\") {","            abort();","          }","          // Reset the parser state.","          Index = Source = null;","          return callback && getClass.call(callback) == functionClass ? walk((value = {}, value[\"\"] = result, value), \"\", callback) : result;","        };","      }","    }","","    exports[\"runInContext\"] = runInContext;","    return exports;","  }","","  if (freeExports && !isLoader) {","    // Export for CommonJS environments.","    runInContext(root, freeExports);","  } else {","    // Export for web browsers and JavaScript engines.","    var nativeJSON = root.JSON,","        previousJSON = root[\"JSON3\"],","        isRestored = false;","","    var JSON3 = runInContext(root, (root[\"JSON3\"] = {","      // Public: Restores the original value of the global `JSON` object and","      // returns a reference to the `JSON3` object.","      \"noConflict\": function () {","        if (!isRestored) {","          isRestored = true;","          root.JSON = nativeJSON;","          root[\"JSON3\"] = previousJSON;","          nativeJSON = previousJSON = null;","        }","        return JSON3;","      }","    }));","","    root.JSON = {","      \"parse\": JSON3.parse,","      \"stringify\": JSON3.stringify","    };","  }","","  // Export for asynchronous module loaders.","  if (isLoader) {","    define(function () {","      return JSON3;","    });","  }","}).call(this);",""],"l":{"2":1,"5":1,"8":1,"14":1,"20":1,"23":1,"24":1,"29":1,"30":1,"31":1,"34":1,"44":1,"45":1,"46":1,"50":1,"55":1,"56":1,"59":1,"68":1,"69":3,"71":0,"73":3,"74":3,"77":0,"78":3,"81":1,"83":2,"85":2,"86":1,"87":1,"89":1,"90":4,"92":1,"93":1,"147":0,"150":1,"153":2,"154":1,"155":1,"156":1,"160":1,"162":1,"163":1,"164":1,"165":1,"167":1,"169":1,"170":1,"174":1,"177":1,"178":1,"182":1,"188":0,"191":1,"194":3,"197":1,"199":0,"207":0,"210":0,"211":0,"214":0,"217":0,"218":0,"224":0,"225":0,"226":0,"227":0,"234":0,"238":0,"240":0,"241":0,"245":0,"248":0,"249":0,"250":0,"253":0,"254":0,"260":0,"261":0,"266":0,"267":0,"271":0,"272":0,"274":0,"275":0,"278":0,"281":0,"283":0,"286":0,"287":0,"288":0,"289":0,"292":0,"293":0,"297":0,"299":0,"301":0,"303":0,"304":0,"308":0,"309":0,"315":0,"316":0,"317":0,"318":0,"319":0,"324":0,"325":0,"329":0,"338":0,"340":0,"352":0,"353":0,"356":0,"363":0,"364":0,"365":0,"366":0,"367":0,"368":0,"371":0,"373":0,"374":0,"376":0,"377":0,"378":0,"380":0,"383":0,"388":0,"389":0,"390":0,"392":0,"394":0,"395":0,"396":0,"397":0,"401":0,"405":0,"406":0,"407":0,"408":0,"413":0,"416":0,"417":0,"418":0,"419":0,"421":0,"422":0,"423":0,"424":0,"425":0,"426":0,"427":0,"430":0,"438":0,"440":0,"445":0,"448":0,"451":0,"453":0,"454":0,"456":0,"457":0,"459":0,"460":0,"463":0,"464":0,"466":0,"469":0,"472":0,"473":0,"475":0,"479":0,"480":0,"482":0,"483":0,"484":0,"486":0,"487":0,"488":0,"490":0,"495":0,"496":0,"497":0,"504":0,"507":0,"510":0,"511":0,"516":0,"517":0,"518":0,"519":0,"520":0,"521":0,"523":0,"524":0,"527":0,"528":0,"531":0,"532":0,"534":0,"535":0,"541":0,"546":0,"547":0,"551":0,"563":0,"566":0,"567":0,"568":0,"574":0,"575":0,"576":0,"577":0,"578":0,"582":0,"583":0,"587":0,"588":0,"589":0,"595":0,"596":0,"597":0,"600":0,"601":0,"605":0,"606":0,"609":0,"610":0,"611":0,"616":0,"617":0,"618":0,"621":0,"623":0,"627":0,"628":0,"631":0,"634":0,"637":0,"639":0,"640":0,"642":0,"643":0,"646":0,"649":0,"651":0,"652":0,"655":0,"658":0,"660":0,"661":0,"662":0,"665":0,"667":0,"669":0,"671":0,"673":0,"676":0,"677":0,"679":0,"680":0,"682":0,"684":0,"688":0,"689":0,"690":0,"693":0,"694":0,"697":0,"698":0,"700":0,"702":0,"705":0,"708":0,"709":0,"712":0,"713":0,"714":0,"715":0,"716":0,"717":0,"718":0,"719":0,"720":0,"723":0,"728":0,"732":0,"733":0,"734":0,"736":0,"738":0,"739":0,"741":0,"744":0,"746":0,"747":0,"748":0,"750":0,"751":0,"756":0,"757":0,"758":0,"759":0,"761":0,"765":0,"769":0,"770":0,"772":0,"774":0,"775":0,"777":0,"778":0,"779":0,"781":0,"782":0,"786":0,"787":0,"788":0,"789":0,"791":0,"795":0,"801":0,"802":0,"804":0,"806":0,"809":0,"811":0,"815":0,"816":0,"817":0,"818":0,"820":0,"827":0,"828":0,"829":0,"833":0,"834":0,"835":0,"838":0,"839":0,"843":0,"847":0,"848":0,"849":0,"850":0,"851":0,"853":0,"854":0,"857":0,"858":0,"863":1,"864":1,"867":1,"869":1,"872":0,"876":0,"880":0,"881":0,"882":0,"883":0,"884":0,"886":0,"890":0,"897":1,"898":0,"899":0}}}